 - - [15/Jun/2021:14:54:13 +0900] "POST /bot/ HTTP/1.0" 200 0 "-" "security"
 - - [15/Jun/2021:14:54:14 +0900] "POST /bot/ HTTP/1.0" 200 0 "-" "security"
 - - [15/Jun/2021:14:54:15 +0900] "POST /bot/ HTTP/1.0" 200 0 "-" "security"
 - - [15/Jun/2021:14:54:16 +0900] "POST /bot/ HTTP/1.0" 200 0 "-" "security"
 - - [15/Jun/2021:14:54:18 +0900] "POST /bot/ HTTP/1.0" 200 0 "-" "security"
 - - [15/Jun/2021:14:54:20 +0900] "POST /bot/ HTTP/1.0" 200 0 "-" "security"
 - - [15/Jun/2021:14:54:21 +0900] "POST /bot/ HTTP/1.0" 200 0 "-" "security"
 - - [15/Jun/2021:15:00:44 +0900] "POST /bot/ HTTP/1.0" 200 0 "-" "security"
 - - [15/Jun/2021:15:01:06 +0900] "POST /bot/ HTTP/1.0" 200 0 "-" "security"
 - - [15/Jun/2021:15:01:10 +0900] "POST /bot/ HTTP/1.0" 200 0 "-" "security"
 - - [15/Jun/2021:15:01:11 +0900] "POST /bot/ HTTP/1.0" 200 0 "-" "security"
 - - [15/Jun/2021:15:01:12 +0900] "POST /bot/ HTTP/1.0" 200 0 "-" "security"
 - - [15/Jun/2021:15:01:14 +0900] "POST /bot/ HTTP/1.0" 200 0 "-" "security"
 - - [15/Jun/2021:15:01:15 +0900] "POST /bot/ HTTP/1.0" 200 0 "-" "security"
 - - [15/Jun/2021:15:01:33 +0900] "POST /bot/ HTTP/1.0" 200 0 "-" "security"
 - - [15/Jun/2021:15:01:35 +0900] "POST /bot/ HTTP/1.0" 200 0 "-" "security"
 - - [15/Jun/2021:15:04:49 +0900] "POST /bot/ HTTP/1.0" 200 0 "-" "security"
 - - [15/Jun/2021:15:05:22 +0900] "POST /bot/ HTTP/1.0" 200 0 "-" "security"
 - - [15/Jun/2021:15:05:39 +0900] "POST /bot/ HTTP/1.0" 200 0 "-" "security"
 - - [15/Jun/2021:15:05:46 +0900] "POST /bot/ HTTP/1.0" 200 0 "-" "security"
 - - [15/Jun/2021:15:05:50 +0900] "POST /bot/ HTTP/1.0" 200 0 "-" "security"
 - - [15/Jun/2021:15:12:15 +0900] "POST /bot/ HTTP/1.0" 200 0 "-" "security"
 - - [15/Jun/2021:15:12:35 +0900] "POST /bot/ HTTP/1.0" 200 0 "-" "security"
 - - [15/Jun/2021:15:13:35 +0900] "POST /bot/ HTTP/1.0" 200 0 "-" "security"
 - - [15/Jun/2021:15:13:42 +0900] "POST /bot/ HTTP/1.0" 200 0 "-" "security"
 - - [15/Jun/2021:15:13:45 +0900] "POST /bot/ HTTP/1.0" 200 0 "-" "security"
 - - [15/Jun/2021:15:13:51 +0900] "POST /bot/ HTTP/1.0" 200 0 "-" "security"
 - - [15/Jun/2021:15:27:18 +0900] "POST /vendor/phpunit/phpunit/src/Util/PHP/eval-stdin.php HTTP/1.0" 404 232 "-" "Mozilla/5.0 (Windows NT 10.0; Win64; x64) AppleWebKit/537.36 (KHTML, like Gecko) Chrome/78.0.3904.108 Safari/537.36"
 - - [15/Jun/2021:15:27:18 +0900] "GET /vendor/phpunit/phpunit/src/Util/PHP/eval-stdin.php HTTP/1.0" 404 232 "-" "Mozilla/5.0 (Windows NT 10.0; Win64; x64) AppleWebKit/537.36 (KHTML, like Gecko) Chrome/78.0.3904.108 Safari/537.36"
 - - [15/Jun/2021:15:27:19 +0900] "GET /index.php?s=/Index/\think\app/invokefunction&function=call_user_func_array&vars[0]=md5&vars[1][]=HelloThinkPHP21 HTTP/1.0" 404 232 "-" "Mozilla/5.0 (Windows NT 10.0; Win64; x64) AppleWebKit/537.36 (KHTML, like Gecko) Chrome/78.0.3904.108 Safari/537.36"
 - - [15/Jun/2021:15:27:22 +0900] "GET /?XDEBUG_SESSION_START=phpstorm HTTP/1.0" 404 232 "-" "Mozilla/5.0 (Windows NT 10.0; Win64; x64) AppleWebKit/537.36 (KHTML, like Gecko) Chrome/78.0.3904.108 Safari/537.36"
 - - [15/Jun/2021:15:27:25 +0900] "GET /wp-content/plugins/wp-file-manager/readme.txt HTTP/1.0" 404 232 "-" "Mozilla/5.0 (Windows NT 10.0; Win64; x64) AppleWebKit/537.36 (KHTML, like Gecko) Chrome/78.0.3904.108 Safari/537.36"
 - - [15/Jun/2021:15:27:25 +0900] "POST /api/jsonws/invoke HTTP/1.0" 404 232 "-" "Mozilla/5.0 (Windows NT 10.0; Win64; x64) AppleWebKit/537.36 (KHTML, like Gecko) Chrome/78.0.3904.108 Safari/537.36"
 - - [15/Jun/2021:15:27:29 +0900] "GET /console/ HTTP/1.0" 404 232 "-" "Mozilla/5.0 (Windows NT 10.0; Win64; x64) AppleWebKit/537.36 (KHTML, like Gecko) Chrome/78.0.3904.108 Safari/537.36"
 - - [15/Jun/2021:15:27:29 +0900] "POST /mifs/.;/services/LogService HTTP/1.0" 404 232 "https://219.240.43.93:443" "Mozilla/5.0 (Windows NT 10.0; Win64; x64) AppleWebKit/537.36 (KHTML, like Gecko) Chrome/78.0.3904.108 Safari/537.36"
 - - [15/Jun/2021:15:27:32 +0900] "POST /Autodiscover/Autodiscover.xml HTTP/1.0" 404 232 "-" "Mozilla/5.0 (Windows NT 10.0; Win64; x64) AppleWebKit/537.36 (KHTML, like Gecko) Chrome/78.0.3904.108 Safari/537.36"
 - - [15/Jun/2021:15:27:33 +0900] "GET /_ignition/execute-solution HTTP/1.0" 404 232 "-" "Mozilla/5.0 (Windows NT 10.0; Win64; x64) AppleWebKit/537.36 (KHTML, like Gecko) Chrome/78.0.3904.108 Safari/537.36"
 - - [15/Jun/2021:15:44:58 +0900] "POST /bot/ HTTP/1.0" 200 0 "-" "security"
 - - [15/Jun/2021:15:45:54 +0900] "POST /bot/ HTTP/1.0" 200 0 "-" "security"
 - - [15/Jun/2021:15:45:57 +0900] "POST /bot/ HTTP/1.0" 200 0 "-" "security"
 - - [15/Jun/2021:15:45:58 +0900] "POST /bot/ HTTP/1.0" 200 0 "-" "security"
 - - [15/Jun/2021:15:45:58 +0900] "POST /bot/ HTTP/1.0" 200 0 "-" "security"
 - - [15/Jun/2021:15:45:59 +0900] "POST /bot/ HTTP/1.0" 200 0 "-" "security"
 - - [15/Jun/2021:15:46:00 +0900] "POST /bot/ HTTP/1.0" 200 0 "-" "security"
 - - [15/Jun/2021:15:46:01 +0900] "POST /bot/ HTTP/1.0" 200 0 "-" "security"
 - - [15/Jun/2021:15:46:02 +0900] "POST /bot/ HTTP/1.0" 200 0 "-" "security"
 - - [15/Jun/2021:15:46:03 +0900] "POST /bot/ HTTP/1.0" 200 0 "-" "security"
 - - [15/Jun/2021:15:46:03 +0900] "POST /bot/ HTTP/1.0" 200 0 "-" "security"
 - - [15/Jun/2021:15:46:04 +0900] "POST /bot/ HTTP/1.0" 200 0 "-" "security"
 - - [15/Jun/2021:15:46:04 +0900] "POST /bot/ HTTP/1.0" 200 0 "-" "security"
 - - [15/Jun/2021:15:46:04 +0900] "POST /bot/ HTTP/1.0" 200 0 "-" "security"
 - - [15/Jun/2021:15:46:04 +0900] "POST /bot/ HTTP/1.0" 200 0 "-" "security"
 - - [15/Jun/2021:15:49:17 +0900] "POST /bot/ HTTP/1.0" 200 0 "-" "security"
 - - [15/Jun/2021:15:49:19 +0900] "POST /bot/ HTTP/1.0" 200 0 "-" "security"
 - - [15/Jun/2021:15:49:21 +0900] "POST /bot/ HTTP/1.0" 200 0 "-" "security"
 - - [15/Jun/2021:15:49:23 +0900] "POST /bot/ HTTP/1.0" 200 0 "-" "security"
 - - [15/Jun/2021:16:30:13 +0900] "POST /bot/ HTTP/1.0" 200 0 "-" "security"
 - - [15/Jun/2021:16:30:27 +0900] "POST /bot/ HTTP/1.0" 200 0 "-" "security"
 - - [15/Jun/2021:16:30:28 +0900] "POST /bot/ HTTP/1.0" 200 0 "-" "security"
 - - [15/Jun/2021:16:30:30 +0900] "POST /bot/ HTTP/1.0" 200 0 "-" "security"
 - - [15/Jun/2021:16:30:31 +0900] "POST /bot/ HTTP/1.0" 200 0 "-" "security"
 - - [15/Jun/2021:16:30:32 +0900] "POST /bot/ HTTP/1.0" 200 0 "-" "security"
 - - [15/Jun/2021:16:30:33 +0900] "POST /bot/ HTTP/1.0" 200 0 "-" "security"
 - - [15/Jun/2021:16:30:33 +0900] "POST /bot/ HTTP/1.0" 200 0 "-" "security"
 - - [15/Jun/2021:16:30:35 +0900] "POST /bot/ HTTP/1.0" 200 0 "-" "security"
 - - [15/Jun/2021:16:30:36 +0900] "POST /bot/ HTTP/1.0" 200 0 "-" "security"
 - - [15/Jun/2021:16:30:37 +0900] "POST /bot/ HTTP/1.0" 200 0 "-" "security"
 - - [15/Jun/2021:16:30:38 +0900] "POST /bot/ HTTP/1.0" 200 0 "-" "security"
 - - [15/Jun/2021:16:30:38 +0900] "POST /bot/ HTTP/1.0" 200 0 "-" "security"
 - - [15/Jun/2021:16:30:39 +0900] "POST /bot/ HTTP/1.0" 200 0 "-" "security"
 - - [15/Jun/2021:16:30:40 +0900] "POST /bot/ HTTP/1.0" 200 0 "-" "security"
 - - [15/Jun/2021:16:30:41 +0900] "POST /bot/ HTTP/1.0" 200 0 "-" "security"
 - - [15/Jun/2021:16:30:41 +0900] "POST /bot/ HTTP/1.0" 200 0 "-" "security"
 - - [15/Jun/2021:16:30:42 +0900] "POST /bot/ HTTP/1.0" 200 0 "-" "security"
 - - [15/Jun/2021:16:30:43 +0900] "POST /bot/ HTTP/1.0" 200 0 "-" "security"
 - - [15/Jun/2021:16:30:43 +0900] "POST /bot/ HTTP/1.0" 200 0 "-" "security"
 - - [15/Jun/2021:16:30:44 +0900] "POST /bot/ HTTP/1.0" 200 0 "-" "security"
 - - [15/Jun/2021:16:30:45 +0900] "POST /bot/ HTTP/1.0" 200 0 "-" "security"
 - - [15/Jun/2021:16:30:45 +0900] "POST /bot/ HTTP/1.0" 200 0 "-" "security"
 - - [15/Jun/2021:16:30:46 +0900] "POST /bot/ HTTP/1.0" 200 0 "-" "security"
 - - [15/Jun/2021:16:30:47 +0900] "POST /bot/ HTTP/1.0" 200 0 "-" "security"
 - - [15/Jun/2021:16:30:48 +0900] "POST /bot/ HTTP/1.0" 200 0 "-" "security"
 - - [15/Jun/2021:16:30:48 +0900] "POST /bot/ HTTP/1.0" 200 0 "-" "security"
 - - [15/Jun/2021:16:30:49 +0900] "POST /bot/ HTTP/1.0" 200 0 "-" "security"
 - - [15/Jun/2021:16:30:50 +0900] "POST /bot/ HTTP/1.0" 200 0 "-" "security"
 - - [15/Jun/2021:16:30:51 +0900] "POST /bot/ HTTP/1.0" 200 0 "-" "security"
 - - [15/Jun/2021:16:30:52 +0900] "POST /bot/ HTTP/1.0" 200 0 "-" "security"
 - - [15/Jun/2021:16:30:53 +0900] "POST /bot/ HTTP/1.0" 200 0 "-" "security"
 - - [15/Jun/2021:16:30:53 +0900] "POST /bot/ HTTP/1.0" 200 0 "-" "security"
 - - [15/Jun/2021:16:30:54 +0900] "POST /bot/ HTTP/1.0" 200 0 "-" "security"
 - - [15/Jun/2021:16:30:55 +0900] "POST /bot/ HTTP/1.0" 200 0 "-" "security"
 - - [15/Jun/2021:16:30:55 +0900] "POST /bot/ HTTP/1.0" 200 0 "-" "security"
 - - [15/Jun/2021:16:30:56 +0900] "POST /bot/ HTTP/1.0" 200 0 "-" "security"
 - - [15/Jun/2021:16:30:59 +0900] "POST /bot/ HTTP/1.0" 200 0 "-" "security"
 - - [15/Jun/2021:16:30:59 +0900] "POST /bot/ HTTP/1.0" 200 0 "-" "security"
 - - [15/Jun/2021:16:30:59 +0900] "POST /bot/ HTTP/1.0" 200 0 "-" "security"
 - - [15/Jun/2021:16:31:00 +0900] "POST /bot/ HTTP/1.0" 200 0 "-" "security"
 - - [15/Jun/2021:16:31:00 +0900] "POST /bot/ HTTP/1.0" 200 0 "-" "security"
 - - [15/Jun/2021:16:31:00 +0900] "POST /bot/ HTTP/1.0" 200 0 "-" "security"
 - - [15/Jun/2021:16:31:00 +0900] "POST /bot/ HTTP/1.0" 200 0 "-" "security"
 - - [15/Jun/2021:16:31:01 +0900] "POST /bot/ HTTP/1.0" 200 0 "-" "security"
 - - [15/Jun/2021:16:31:01 +0900] "POST /bot/ HTTP/1.0" 200 0 "-" "security"
 - - [15/Jun/2021:16:31:01 +0900] "POST /bot/ HTTP/1.0" 200 0 "-" "security"
 - - [15/Jun/2021:16:31:01 +0900] "POST /bot/ HTTP/1.0" 200 0 "-" "security"
 - - [15/Jun/2021:16:31:01 +0900] "POST /bot/ HTTP/1.0" 200 0 "-" "security"
 - - [15/Jun/2021:16:31:01 +0900] "POST /bot/ HTTP/1.0" 200 0 "-" "security"
 - - [15/Jun/2021:16:31:02 +0900] "POST /bot/ HTTP/1.0" 200 0 "-" "security"
 - - [15/Jun/2021:16:31:02 +0900] "POST /bot/ HTTP/1.0" 200 0 "-" "security"
 - - [15/Jun/2021:16:31:02 +0900] "POST /bot/ HTTP/1.0" 200 0 "-" "security"
 - - [15/Jun/2021:16:31:02 +0900] "POST /bot/ HTTP/1.0" 200 0 "-" "security"
 - - [15/Jun/2021:16:31:02 +0900] "POST /bot/ HTTP/1.0" 200 0 "-" "security"
 - - [15/Jun/2021:16:31:03 +0900] "POST /bot/ HTTP/1.0" 200 0 "-" "security"
 - - [15/Jun/2021:16:31:03 +0900] "POST /bot/ HTTP/1.0" 200 0 "-" "security"
 - - [15/Jun/2021:16:31:03 +0900] "POST /bot/ HTTP/1.0" 200 0 "-" "security"
 - - [15/Jun/2021:16:31:03 +0900] "POST /bot/ HTTP/1.0" 200 0 "-" "security"
 - - [15/Jun/2021:16:31:03 +0900] "POST /bot/ HTTP/1.0" 200 0 "-" "security"
 - - [15/Jun/2021:16:31:03 +0900] "POST /bot/ HTTP/1.0" 200 0 "-" "security"
 - - [15/Jun/2021:16:31:04 +0900] "POST /bot/ HTTP/1.0" 200 0 "-" "security"
 - - [15/Jun/2021:16:31:04 +0900] "POST /bot/ HTTP/1.0" 200 0 "-" "security"
 - - [15/Jun/2021:16:31:04 +0900] "POST /bot/ HTTP/1.0" 200 0 "-" "security"
 - - [15/Jun/2021:16:31:04 +0900] "POST /bot/ HTTP/1.0" 200 0 "-" "security"
 - - [15/Jun/2021:16:31:04 +0900] "POST /bot/ HTTP/1.0" 200 0 "-" "security"
 - - [15/Jun/2021:16:31:05 +0900] "POST /bot/ HTTP/1.0" 200 0 "-" "security"
 - - [15/Jun/2021:16:31:05 +0900] "POST /bot/ HTTP/1.0" 200 0 "-" "security"
 - - [15/Jun/2021:16:31:05 +0900] "POST /bot/ HTTP/1.0" 200 0 "-" "security"
 - - [15/Jun/2021:16:31:05 +0900] "POST /bot/ HTTP/1.0" 200 0 "-" "security"
 - - [15/Jun/2021:16:31:06 +0900] "POST /bot/ HTTP/1.0" 200 0 "-" "security"
 - - [15/Jun/2021:16:31:06 +0900] "POST /bot/ HTTP/1.0" 200 0 "-" "security"
 - - [15/Jun/2021:16:31:08 +0900] "POST /bot/ HTTP/1.0" 200 0 "-" "security"
 - - [15/Jun/2021:16:31:09 +0900] "POST /bot/ HTTP/1.0" 200 0 "-" "security"
 - - [15/Jun/2021:16:31:09 +0900] "POST /bot/ HTTP/1.0" 200 0 "-" "security"
 - - [15/Jun/2021:16:31:09 +0900] "POST /bot/ HTTP/1.0" 200 0 "-" "security"
 - - [15/Jun/2021:16:31:09 +0900] "POST /bot/ HTTP/1.0" 200 0 "-" "security"
 - - [15/Jun/2021:16:31:09 +0900] "POST /bot/ HTTP/1.0" 200 0 "-" "security"
 - - [15/Jun/2021:16:31:09 +0900] "POST /bot/ HTTP/1.0" 200 0 "-" "security"
 - - [15/Jun/2021:16:31:10 +0900] "POST /bot/ HTTP/1.0" 200 0 "-" "security"
 - - [15/Jun/2021:16:31:10 +0900] "POST /bot/ HTTP/1.0" 200 0 "-" "security"
 - - [15/Jun/2021:16:31:10 +0900] "POST /bot/ HTTP/1.0" 200 0 "-" "security"
 - - [15/Jun/2021:16:31:10 +0900] "POST /bot/ HTTP/1.0" 200 0 "-" "security"
 - - [15/Jun/2021:16:31:10 +0900] "POST /bot/ HTTP/1.0" 200 0 "-" "security"
 - - [15/Jun/2021:16:31:11 +0900] "POST /bot/ HTTP/1.0" 200 0 "-" "security"
 - - [15/Jun/2021:16:31:11 +0900] "POST /bot/ HTTP/1.0" 200 0 "-" "security"
 - - [15/Jun/2021:16:31:11 +0900] "POST /bot/ HTTP/1.0" 200 0 "-" "security"
 - - [15/Jun/2021:16:31:11 +0900] "POST /bot/ HTTP/1.0" 200 0 "-" "security"
 - - [15/Jun/2021:16:31:11 +0900] "POST /bot/ HTTP/1.0" 200 0 "-" "security"
 - - [15/Jun/2021:16:31:12 +0900] "POST /bot/ HTTP/1.0" 200 0 "-" "security"
 - - [15/Jun/2021:16:31:12 +0900] "POST /bot/ HTTP/1.0" 200 0 "-" "security"
 - - [15/Jun/2021:16:31:12 +0900] "POST /bot/ HTTP/1.0" 200 0 "-" "security"
 - - [15/Jun/2021:16:31:13 +0900] "POST /bot/ HTTP/1.0" 200 0 "-" "security"
 - - [15/Jun/2021:16:31:29 +0900] "POST /bot/ HTTP/1.0" 200 0 "-" "security"
 - - [15/Jun/2021:16:31:31 +0900] "POST /bot/ HTTP/1.0" 200 0 "-" "security"
 - - [15/Jun/2021:16:31:32 +0900] "POST /bot/ HTTP/1.0" 200 0 "-" "security"
 - - [15/Jun/2021:16:31:33 +0900] "POST /bot/ HTTP/1.0" 200 0 "-" "security"
 - - [15/Jun/2021:16:31:35 +0900] "POST /bot/ HTTP/1.0" 200 0 "-" "security"
 - - [15/Jun/2021:16:31:36 +0900] "POST /bot/ HTTP/1.0" 200 0 "-" "security"
 - - [15/Jun/2021:16:31:37 +0900] "POST /bot/ HTTP/1.0" 200 0 "-" "security"
 - - [15/Jun/2021:16:31:39 +0900] "POST /bot/ HTTP/1.0" 200 0 "-" "security"
 - - [15/Jun/2021:16:32:18 +0900] "POST /bot/ HTTP/1.0" 200 0 "-" "security"
 - - [15/Jun/2021:16:32:20 +0900] "POST /bot/ HTTP/1.0" 200 0 "-" "security"
 - - [15/Jun/2021:16:32:29 +0900] "POST /bot/ HTTP/1.0" 200 0 "-" "security"
 - - [15/Jun/2021:16:32:46 +0900] "POST /bot/ HTTP/1.0" 200 0 "-" "security"
 - - [15/Jun/2021:16:32:55 +0900] "POST /bot/ HTTP/1.0" 200 0 "-" "security"
 - - [15/Jun/2021:16:33:04 +0900] "POST /bot/ HTTP/1.0" 200 0 "-" "security"
 - - [15/Jun/2021:16:33:17 +0900] "POST /bot/ HTTP/1.0" 200 0 "-" "security"
 - - [15/Jun/2021:16:33:18 +0900] "POST /bot/ HTTP/1.0" 200 0 "-" "security"
 - - [15/Jun/2021:16:33:21 +0900] "POST /bot/ HTTP/1.0" 200 0 "-" "security"
 - - [15/Jun/2021:16:33:24 +0900] "POST /bot/ HTTP/1.0" 200 0 "-" "security"
 - - [15/Jun/2021:16:33:25 +0900] "POST /bot/ HTTP/1.0" 200 0 "-" "security"
 - - [15/Jun/2021:16:33:26 +0900] "POST /bot/ HTTP/1.0" 200 0 "-" "security"
 - - [15/Jun/2021:16:33:27 +0900] "POST /bot/ HTTP/1.0" 200 0 "-" "security"
 - - [15/Jun/2021:16:33:29 +0900] "POST /bot/ HTTP/1.0" 200 0 "-" "security"
 - - [15/Jun/2021:16:33:37 +0900] "POST /bot/ HTTP/1.0" 200 0 "-" "security"
 - - [15/Jun/2021:16:33:53 +0900] "POST /bot/ HTTP/1.0" 200 0 "-" "security"
 - - [15/Jun/2021:16:33:59 +0900] "POST /bot/ HTTP/1.0" 200 0 "-" "security"
 - - [15/Jun/2021:16:34:05 +0900] "POST /bot/ HTTP/1.0" 200 0 "-" "security"
 - - [15/Jun/2021:16:34:16 +0900] "POST /bot/ HTTP/1.0" 200 0 "-" "security"
 - - [15/Jun/2021:16:34:18 +0900] "POST /bot/ HTTP/1.0" 200 0 "-" "security"
 - - [15/Jun/2021:16:34:20 +0900] "POST /bot/ HTTP/1.0" 200 0 "-" "security"
 - - [15/Jun/2021:16:34:31 +0900] "POST /bot/ HTTP/1.0" 200 0 "-" "security"
 - - [15/Jun/2021:16:34:32 +0900] "POST /bot/ HTTP/1.0" 200 0 "-" "security"
 - - [15/Jun/2021:16:34:33 +0900] "POST /bot/ HTTP/1.0" 200 0 "-" "security"
 - - [15/Jun/2021:16:34:34 +0900] "POST /bot/ HTTP/1.0" 200 0 "-" "security"
 - - [15/Jun/2021:16:34:39 +0900] "POST /bot/ HTTP/1.0" 200 0 "-" "security"
 - - [15/Jun/2021:16:34:42 +0900] "POST /bot/ HTTP/1.0" 200 0 "-" "security"
 - - [15/Jun/2021:16:34:44 +0900] "POST /bot/ HTTP/1.0" 200 0 "-" "security"
 - - [15/Jun/2021:16:35:14 +0900] "POST /bot/ HTTP/1.0" 200 0 "-" "security"
 - - [15/Jun/2021:16:35:16 +0900] "POST /bot/ HTTP/1.0" 200 0 "-" "security"
 - - [15/Jun/2021:16:35:24 +0900] "POST /bot/ HTTP/1.0" 200 0 "-" "security"
 - - [15/Jun/2021:16:35:26 +0900] "POST /bot/ HTTP/1.0" 200 0 "-" "security"
 - - [15/Jun/2021:16:35:27 +0900] "POST /bot/ HTTP/1.0" 200 0 "-" "security"
 - - [15/Jun/2021:16:35:28 +0900] "POST /bot/ HTTP/1.0" 200 0 "-" "security"
 - - [15/Jun/2021:16:35:30 +0900] "POST /bot/ HTTP/1.0" 200 0 "-" "security"
 - - [15/Jun/2021:16:35:31 +0900] "POST /bot/ HTTP/1.0" 200 0 "-" "security"
 - - [15/Jun/2021:16:35:33 +0900] "POST /bot/ HTTP/1.0" 200 0 "-" "security"
 - - [15/Jun/2021:16:35:34 +0900] "POST /bot/ HTTP/1.0" 200 0 "-" "security"
 - - [15/Jun/2021:16:35:35 +0900] "POST /bot/ HTTP/1.0" 200 0 "-" "security"
 - - [15/Jun/2021:16:35:37 +0900] "POST /bot/ HTTP/1.0" 200 0 "-" "security"
 - - [15/Jun/2021:16:35:40 +0900] "POST /bot/ HTTP/1.0" 200 0 "-" "security"
 - - [15/Jun/2021:16:35:43 +0900] "POST /bot/ HTTP/1.0" 200 0 "-" "security"
 - - [15/Jun/2021:16:35:44 +0900] "POST /bot/ HTTP/1.0" 200 0 "-" "security"
 - - [15/Jun/2021:16:35:45 +0900] "POST /bot/ HTTP/1.0" 200 0 "-" "security"
 - - [15/Jun/2021:16:35:46 +0900] "POST /bot/ HTTP/1.0" 200 0 "-" "security"
 - - [15/Jun/2021:16:35:47 +0900] "POST /bot/ HTTP/1.0" 200 0 "-" "security"
 - - [15/Jun/2021:16:35:49 +0900] "POST /bot/ HTTP/1.0" 200 0 "-" "security"
 - - [15/Jun/2021:16:35:51 +0900] "POST /bot/ HTTP/1.0" 200 0 "-" "security"
 - - [15/Jun/2021:16:35:55 +0900] "POST /bot/ HTTP/1.0" 200 0 "-" "security"
 - - [15/Jun/2021:16:35:57 +0900] "POST /bot/ HTTP/1.0" 200 0 "-" "security"
 - - [15/Jun/2021:16:35:58 +0900] "POST /bot/ HTTP/1.0" 200 0 "-" "security"
 - - [15/Jun/2021:16:36:00 +0900] "POST /bot/ HTTP/1.0" 200 0 "-" "security"
 - - [15/Jun/2021:16:36:01 +0900] "POST /bot/ HTTP/1.0" 200 0 "-" "security"
 - - [15/Jun/2021:16:36:01 +0900] "POST /bot/ HTTP/1.0" 200 0 "-" "security"
 - - [15/Jun/2021:16:36:03 +0900] "POST /bot/ HTTP/1.0" 200 0 "-" "security"
 - - [15/Jun/2021:16:36:06 +0900] "POST /bot/ HTTP/1.0" 200 0 "-" "security"
 - - [15/Jun/2021:16:36:07 +0900] "POST /bot/ HTTP/1.0" 200 0 "-" "security"
 - - [15/Jun/2021:16:36:08 +0900] "POST /bot/ HTTP/1.0" 200 0 "-" "security"
 - - [15/Jun/2021:16:36:09 +0900] "POST /bot/ HTTP/1.0" 200 0 "-" "security"
 - - [15/Jun/2021:16:36:11 +0900] "POST /bot/ HTTP/1.0" 200 0 "-" "security"
 - - [15/Jun/2021:16:36:14 +0900] "POST /bot/ HTTP/1.0" 200 0 "-" "security"
 - - [15/Jun/2021:16:36:17 +0900] "POST /bot/ HTTP/1.0" 200 0 "-" "security"
 - - [15/Jun/2021:16:36:19 +0900] "POST /bot/ HTTP/1.0" 200 0 "-" "security"
 - - [15/Jun/2021:16:36:22 +0900] "POST /bot/ HTTP/1.0" 200 0 "-" "security"
 - - [15/Jun/2021:16:36:25 +0900] "POST /bot/ HTTP/1.0" 200 0 "-" "security"
 - - [15/Jun/2021:16:36:27 +0900] "POST /bot/ HTTP/1.0" 200 0 "-" "security"
 - - [15/Jun/2021:16:36:31 +0900] "POST /bot/ HTTP/1.0" 200 0 "-" "security"
 - - [15/Jun/2021:16:36:37 +0900] "POST /bot/ HTTP/1.0" 200 0 "-" "security"
 - - [15/Jun/2021:16:37:10 +0900] "POST /bot/ HTTP/1.0" 200 0 "-" "security"
 - - [15/Jun/2021:16:37:12 +0900] "POST /bot/ HTTP/1.0" 200 0 "-" "security"
 - - [15/Jun/2021:16:37:13 +0900] "POST /bot/ HTTP/1.0" 200 0 "-" "security"
 - - [15/Jun/2021:16:37:15 +0900] "POST /bot/ HTTP/1.0" 200 0 "-" "security"
 - - [15/Jun/2021:16:37:16 +0900] "POST /bot/ HTTP/1.0" 200 0 "-" "security"
 - - [15/Jun/2021:16:38:18 +0900] "POST /bot/ HTTP/1.0" 200 0 "-" "security"
 - - [15/Jun/2021:16:38:18 +0900] "POST /bot/ HTTP/1.0" 200 0 "-" "security"
 - - [15/Jun/2021:16:38:23 +0900] "POST /bot/ HTTP/1.0" 200 0 "-" "security"
 - - [15/Jun/2021:16:38:27 +0900] "POST /bot/ HTTP/1.0" 200 0 "-" "security"
 - - [15/Jun/2021:16:38:30 +0900] "POST /bot/ HTTP/1.0" 200 0 "-" "security"
 - - [15/Jun/2021:16:38:32 +0900] "POST /bot/ HTTP/1.0" 200 0 "-" "security"
 - - [15/Jun/2021:16:38:35 +0900] "POST /bot/ HTTP/1.0" 200 0 "-" "security"
 - - [15/Jun/2021:16:39:14 +0900] "POST /bot/ HTTP/1.0" 200 0 "-" "security"
 - - [15/Jun/2021:16:39:15 +0900] "POST /bot/ HTTP/1.0" 200 0 "-" "security"
 - - [15/Jun/2021:16:39:29 +0900] "POST /bot/ HTTP/1.0" 200 0 "-" "security"
 - - [15/Jun/2021:16:39:33 +0900] "POST /bot/ HTTP/1.0" 200 0 "-" "security"
 - - [15/Jun/2021:16:39:35 +0900] "POST /bot/ HTTP/1.0" 200 0 "-" "security"
 - - [15/Jun/2021:16:39:38 +0900] "POST /bot/ HTTP/1.0" 200 0 "-" "security"
 - - [15/Jun/2021:16:39:41 +0900] "POST /bot/ HTTP/1.0" 200 0 "-" "security"
 - - [15/Jun/2021:16:39:47 +0900] "POST /bot/ HTTP/1.0" 200 0 "-" "security"
 - - [15/Jun/2021:16:39:50 +0900] "POST /bot/ HTTP/1.0" 200 0 "-" "security"
 - - [15/Jun/2021:16:39:53 +0900] "POST /bot/ HTTP/1.0" 200 0 "-" "security"
 - - [15/Jun/2021:16:39:56 +0900] "POST /bot/ HTTP/1.0" 200 0 "-" "security"
 - - [15/Jun/2021:16:40:00 +0900] "POST /bot/ HTTP/1.0" 200 0 "-" "security"
 - - [15/Jun/2021:16:40:06 +0900] "POST /bot/ HTTP/1.0" 200 0 "-" "security"
 - - [15/Jun/2021:16:40:22 +0900] "POST /bot/ HTTP/1.0" 200 0 "-" "security"
 - - [15/Jun/2021:16:40:26 +0900] "POST /bot/ HTTP/1.0" 200 0 "-" "security"
 - - [15/Jun/2021:16:40:28 +0900] "POST /bot/ HTTP/1.0" 200 0 "-" "security"
 - - [15/Jun/2021:16:40:29 +0900] "POST /bot/ HTTP/1.0" 200 0 "-" "security"
 - - [15/Jun/2021:16:40:30 +0900] "POST /bot/ HTTP/1.0" 200 0 "-" "security"
 - - [15/Jun/2021:16:40:32 +0900] "POST /bot/ HTTP/1.0" 200 0 "-" "security"
 - - [15/Jun/2021:16:40:34 +0900] "POST /bot/ HTTP/1.0" 200 0 "-" "security"
 - - [15/Jun/2021:16:40:36 +0900] "POST /bot/ HTTP/1.0" 200 0 "-" "security"
 - - [15/Jun/2021:16:40:37 +0900] "POST /bot/ HTTP/1.0" 200 0 "-" "security"
 - - [15/Jun/2021:16:40:39 +0900] "POST /bot/ HTTP/1.0" 200 0 "-" "security"
 - - [15/Jun/2021:16:40:41 +0900] "POST /bot/ HTTP/1.0" 200 0 "-" "security"
 - - [15/Jun/2021:16:40:43 +0900] "POST /bot/ HTTP/1.0" 200 0 "-" "security"
 - - [15/Jun/2021:16:40:44 +0900] "POST /bot/ HTTP/1.0" 200 0 "-" "security"
 - - [15/Jun/2021:16:40:45 +0900] "POST /bot/ HTTP/1.0" 200 0 "-" "security"
 - - [15/Jun/2021:16:40:47 +0900] "POST /bot/ HTTP/1.0" 200 0 "-" "security"
 - - [15/Jun/2021:16:40:49 +0900] "POST /bot/ HTTP/1.0" 200 0 "-" "security"
 - - [15/Jun/2021:16:40:51 +0900] "POST /bot/ HTTP/1.0" 200 0 "-" "security"
 - - [15/Jun/2021:16:40:54 +0900] "POST /bot/ HTTP/1.0" 200 0 "-" "security"
 - - [15/Jun/2021:16:40:55 +0900] "POST /bot/ HTTP/1.0" 200 0 "-" "security"
 - - [15/Jun/2021:16:41:02 +0900] "POST /bot/ HTTP/1.0" 200 0 "-" "security"
 - - [15/Jun/2021:16:41:05 +0900] "POST /bot/ HTTP/1.0" 200 0 "-" "security"
 - - [15/Jun/2021:16:41:07 +0900] "POST /bot/ HTTP/1.0" 200 0 "-" "security"
 - - [15/Jun/2021:16:41:09 +0900] "POST /bot/ HTTP/1.0" 200 0 "-" "security"
 - - [15/Jun/2021:16:41:11 +0900] "POST /bot/ HTTP/1.0" 200 0 "-" "security"
 - - [15/Jun/2021:16:41:13 +0900] "POST /bot/ HTTP/1.0" 200 0 "-" "security"
 - - [15/Jun/2021:16:41:17 +0900] "POST /bot/ HTTP/1.0" 200 0 "-" "security"
 - - [15/Jun/2021:16:41:20 +0900] "POST /bot/ HTTP/1.0" 200 0 "-" "security"
 - - [15/Jun/2021:16:48:26 +0900] "POST /bot/ HTTP/1.0" 200 0 "-" "security"
 - - [15/Jun/2021:16:48:32 +0900] "POST /bot/ HTTP/1.0" 200 0 "-" "security"
 - - [15/Jun/2021:16:48:35 +0900] "POST /bot/ HTTP/1.0" 200 0 "-" "security"
 - - [15/Jun/2021:16:48:47 +0900] "POST /bot/ HTTP/1.0" 200 0 "-" "security"
 - - [15/Jun/2021:16:48:50 +0900] "POST /bot/ HTTP/1.0" 200 0 "-" "security"
 - - [15/Jun/2021:16:49:13 +0900] "POST /bot/ HTTP/1.0" 200 0 "-" "security"
 - - [15/Jun/2021:16:49:16 +0900] "POST /bot/ HTTP/1.0" 200 0 "-" "security"
 - - [15/Jun/2021:16:49:17 +0900] "POST /bot/ HTTP/1.0" 200 0 "-" "security"
 - - [15/Jun/2021:16:49:19 +0900] "POST /bot/ HTTP/1.0" 200 0 "-" "security"
 - - [15/Jun/2021:16:49:26 +0900] "POST /bot/ HTTP/1.0" 200 0 "-" "security"
 - - [15/Jun/2021:16:49:38 +0900] "POST /bot/ HTTP/1.0" 200 0 "-" "security"
 - - [15/Jun/2021:16:49:40 +0900] "POST /bot/ HTTP/1.0" 200 0 "-" "security"
 - - [15/Jun/2021:16:52:10 +0900] "POST /bot/ HTTP/1.0" 200 0 "-" "security"
 - - [15/Jun/2021:16:55:59 +0900] "POST /bot/ HTTP/1.0" 200 0 "-" "security"
 - - [15/Jun/2021:16:58:05 +0900] "POST /bot/ HTTP/1.0" 200 0 "-" "security"
 - - [15/Jun/2021:16:58:11 +0900] "POST /bot/ HTTP/1.0" 200 0 "-" "security"
 - - [15/Jun/2021:16:58:13 +0900] "POST /bot/ HTTP/1.0" 200 0 "-" "security"
 - - [15/Jun/2021:16:58:14 +0900] "POST /bot/ HTTP/1.0" 200 0 "-" "security"
 - - [15/Jun/2021:16:58:15 +0900] "POST /bot/ HTTP/1.0" 200 0 "-" "security"
 - - [15/Jun/2021:16:58:16 +0900] "POST /bot/ HTTP/1.0" 200 0 "-" "security"
 - - [15/Jun/2021:16:58:18 +0900] "POST /bot/ HTTP/1.0" 200 0 "-" "security"
 - - [15/Jun/2021:16:58:19 +0900] "POST /bot/ HTTP/1.0" 200 0 "-" "security"
 - - [15/Jun/2021:16:58:20 +0900] "POST /bot/ HTTP/1.0" 200 0 "-" "security"
 - - [15/Jun/2021:16:58:21 +0900] "POST /bot/ HTTP/1.0" 200 0 "-" "security"
 - - [15/Jun/2021:16:58:23 +0900] "POST /bot/ HTTP/1.0" 200 0 "-" "security"
 - - [15/Jun/2021:16:59:53 +0900] "POST /bot/ HTTP/1.0" 200 0 "-" "security"
 - - [15/Jun/2021:16:59:56 +0900] "POST /bot/ HTTP/1.0" 200 0 "-" "security"
 - - [15/Jun/2021:17:00:01 +0900] "POST /bot/ HTTP/1.0" 200 0 "-" "security"
 - - [15/Jun/2021:17:00:15 +0900] "POST /bot/ HTTP/1.0" 200 0 "-" "security"
 - - [15/Jun/2021:17:00:18 +0900] "POST /bot/ HTTP/1.0" 200 0 "-" "security"
 - - [15/Jun/2021:17:00:21 +0900] "POST /bot/ HTTP/1.0" 200 0 "-" "security"
 - - [15/Jun/2021:17:00:22 +0900] "POST /bot/ HTTP/1.0" 200 0 "-" "security"
 - - [15/Jun/2021:17:00:25 +0900] "POST /bot/ HTTP/1.0" 200 0 "-" "security"
 - - [15/Jun/2021:17:00:28 +0900] "POST /bot/ HTTP/1.0" 200 0 "-" "security"
 - - [15/Jun/2021:17:00:44 +0900] "POST /bot/ HTTP/1.0" 200 0 "-" "security"
 - - [15/Jun/2021:17:00:51 +0900] "POST /bot/ HTTP/1.0" 200 0 "-" "security"
 - - [15/Jun/2021:17:01:00 +0900] "POST /bot/ HTTP/1.0" 200 0 "-" "security"
 - - [15/Jun/2021:17:01:03 +0900] "POST /bot/ HTTP/1.0" 200 0 "-" "security"
 - - [15/Jun/2021:17:01:06 +0900] "POST /bot/ HTTP/1.0" 200 0 "-" "security"
 - - [15/Jun/2021:17:01:09 +0900] "POST /bot/ HTTP/1.0" 200 0 "-" "security"
 - - [15/Jun/2021:17:04:09 +0900] "POST /bot/ HTTP/1.0" 200 0 "-" "security"
 - - [15/Jun/2021:17:04:14 +0900] "POST /bot/ HTTP/1.0" 200 0 "-" "security"
 - - [15/Jun/2021:17:04:19 +0900] "POST /bot/ HTTP/1.0" 200 0 "-" "security"
 - - [15/Jun/2021:17:04:21 +0900] "POST /bot/ HTTP/1.0" 200 0 "-" "security"
 - - [15/Jun/2021:17:04:32 +0900] "POST /bot/ HTTP/1.0" 200 0 "-" "security"
 - - [15/Jun/2021:17:04:44 +0900] "POST /bot/ HTTP/1.0" 200 0 "-" "security"
 - - [15/Jun/2021:17:04:46 +0900] "POST /bot/ HTTP/1.0" 200 0 "-" "security"
 - - [15/Jun/2021:17:16:01 +0900] "POST /bot/ HTTP/1.0" 200 0 "-" "security"
 - - [15/Jun/2021:17:16:10 +0900] "POST /bot/ HTTP/1.0" 200 0 "-" "security"
 - - [15/Jun/2021:17:16:15 +0900] "POST /bot/ HTTP/1.0" 200 0 "-" "security"
 - - [15/Jun/2021:17:16:17 +0900] "POST /bot/ HTTP/1.0" 200 0 "-" "security"
 - - [15/Jun/2021:17:16:24 +0900] "POST /bot/ HTTP/1.0" 200 0 "-" "security"
 - - [15/Jun/2021:17:16:47 +0900] "POST /bot/ HTTP/1.0" 200 0 "-" "security"
 - - [15/Jun/2021:17:16:49 +0900] "POST /bot/ HTTP/1.0" 200 0 "-" "security"
 - - [15/Jun/2021:17:16:56 +0900] "POST /bot/ HTTP/1.0" 200 0 "-" "security"
 - - [15/Jun/2021:17:16:59 +0900] "POST /bot/ HTTP/1.0" 200 0 "-" "security"
 - - [15/Jun/2021:17:19:51 +0900] "POST /bot/ HTTP/1.0" 200 0 "-" "security"
 - - [15/Jun/2021:17:22:09 +0900] "POST /bot/ HTTP/1.0" 200 0 "-" "security"
 - - [15/Jun/2021:17:22:11 +0900] "POST /bot/ HTTP/1.0" 200 0 "-" "security"
 - - [15/Jun/2021:17:22:19 +0900] "POST /bot/ HTTP/1.0" 200 0 "-" "security"
 - - [15/Jun/2021:17:22:26 +0900] "POST /bot/ HTTP/1.0" 200 0 "-" "security"
 - - [15/Jun/2021:17:23:22 +0900] "POST /bot/ HTTP/1.0" 200 0 "-" "security"
 - - [15/Jun/2021:17:23:25 +0900] "POST /bot/ HTTP/1.0" 200 0 "-" "security"
 - - [15/Jun/2021:17:23:29 +0900] "POST /bot/ HTTP/1.0" 200 0 "-" "security"
 - - [15/Jun/2021:17:24:00 +0900] "POST /bot/ HTTP/1.0" 200 0 "-" "security"
 - - [15/Jun/2021:17:24:03 +0900] "POST /bot/ HTTP/1.0" 200 0 "-" "security"
 - - [15/Jun/2021:17:24:09 +0900] "POST /bot/ HTTP/1.0" 200 0 "-" "security"
 - - [15/Jun/2021:17:24:11 +0900] "POST /bot/ HTTP/1.0" 200 0 "-" "security"
 - - [15/Jun/2021:17:24:20 +0900] "POST /bot/ HTTP/1.0" 200 0 "-" "security"
 - - [15/Jun/2021:17:24:25 +0900] "POST /bot/ HTTP/1.0" 200 0 "-" "security"
 - - [15/Jun/2021:17:24:52 +0900] "POST /bot/ HTTP/1.0" 200 0 "-" "security"
 - - [15/Jun/2021:17:25:32 +0900] "POST /bot/ HTTP/1.0" 200 0 "-" "security"
 - - [15/Jun/2021:17:25:49 +0900] "POST /bot/ HTTP/1.0" 200 0 "-" "security"
 - - [15/Jun/2021:17:25:53 +0900] "POST /bot/ HTTP/1.0" 200 0 "-" "security"
 - - [15/Jun/2021:17:25:55 +0900] "POST /bot/ HTTP/1.0" 200 0 "-" "security"
 - - [15/Jun/2021:17:25:56 +0900] "POST /bot/ HTTP/1.0" 200 0 "-" "security"
 - - [15/Jun/2021:17:25:57 +0900] "POST /bot/ HTTP/1.0" 200 0 "-" "security"
 - - [15/Jun/2021:17:25:58 +0900] "POST /bot/ HTTP/1.0" 200 0 "-" "security"
 - - [15/Jun/2021:17:26:00 +0900] "POST /bot/ HTTP/1.0" 200 0 "-" "security"
 - - [15/Jun/2021:17:26:17 +0900] "POST /bot/ HTTP/1.0" 200 0 "-" "security"
 - - [15/Jun/2021:17:26:25 +0900] "POST /bot/ HTTP/1.0" 200 0 "-" "security"
 - - [15/Jun/2021:17:26:27 +0900] "POST /bot/ HTTP/1.0" 200 0 "-" "security"
 - - [15/Jun/2021:17:27:18 +0900] "POST /bot/ HTTP/1.0" 200 0 "-" "security"
 - - [15/Jun/2021:17:50:56 +0900] "GET /owa/auth/logon.aspx?url=https%3a%2f%2f1%2fecp%2f HTTP/1.0" 404 232 "-" "Mozilla/5.0 zgrab/0.x"
 - - [15/Jun/2021:18:02:37 +0900] "POST /bot/ HTTP/1.0" 200 0 "-" "security"
 - - [15/Jun/2021:18:03:09 +0900] "POST /bot/ HTTP/1.0" 200 0 "-" "security"
 - - [15/Jun/2021:18:04:48 +0900] "POST /bot/ HTTP/1.0" 200 0 "-" "security"
 - - [15/Jun/2021:18:04:51 +0900] "POST /bot/ HTTP/1.0" 200 0 "-" "security"
 - - [15/Jun/2021:18:08:19 +0900] "POST /bot/ HTTP/1.0" 200 0 "-" "security"
 - - [15/Jun/2021:18:08:24 +0900] "POST /bot/ HTTP/1.0" 200 0 "-" "security"
 - - [15/Jun/2021:18:08:30 +0900] "POST /bot/ HTTP/1.0" 200 0 "-" "security"
 - - [15/Jun/2021:18:08:32 +0900] "POST /bot/ HTTP/1.0" 200 0 "-" "security"
 - - [15/Jun/2021:18:08:34 +0900] "POST /bot/ HTTP/1.0" 200 0 "-" "security"
 - - [15/Jun/2021:18:19:34 +0900] "POST /rest/tcs?user_id=B100196&user_key=b100196 HTTP/1.0" 200 0 "-" "Atlassian HttpClient 1.0.1 / JIRA-7.10.1 (710002) / Default"
 - - [15/Jun/2021:18:21:58 +0900] "GET /Telerik.Web.UI.WebResource.axd?type=rau HTTP/1.0" 404 232 "-" "Mozilla/5.0 (Windows NT 10.0; Win64; x64) AppleWebKit/537.36 (KHTML, like Gecko) Chrome/60.0.3112.113 Safari/537.36"
 - - [15/Jun/2021:19:19:26 +0900] "GET /owa/ HTTP/1.0" 404 232 "-" "Mozilla/5.0 (Windows NT 10.0; Win64; x64) AppleWebKit/537.36 (KHTML, like Gecko) Chrome/60.0.3112.113 Safari/537.36"
 - - [15/Jun/2021:19:46:15 +0900] "POST /bot/ HTTP/1.0" 200 0 "-" "security"
 - - [15/Jun/2021:19:46:17 +0900] "POST /bot/ HTTP/1.0" 200 0 "-" "security"
 - - [15/Jun/2021:19:46:18 +0900] "POST /bot/ HTTP/1.0" 200 0 "-" "security"
 - - [15/Jun/2021:19:46:19 +0900] "POST /bot/ HTTP/1.0" 200 0 "-" "security"
 - - [15/Jun/2021:19:46:20 +0900] "POST /bot/ HTTP/1.0" 200 0 "-" "security"
 - - [15/Jun/2021:19:46:21 +0900] "POST /bot/ HTTP/1.0" 200 0 "-" "security"
 - - [15/Jun/2021:19:46:23 +0900] "POST /bot/ HTTP/1.0" 200 0 "-" "security"
 - - [15/Jun/2021:19:46:24 +0900] "POST /bot/ HTTP/1.0" 200 0 "-" "security"
 - - [15/Jun/2021:19:46:25 +0900] "POST /bot/ HTTP/1.0" 200 0 "-" "security"
 - - [15/Jun/2021:19:46:26 +0900] "POST /bot/ HTTP/1.0" 200 0 "-" "security"
 - - [15/Jun/2021:19:46:28 +0900] "POST /bot/ HTTP/1.0" 200 0 "-" "security"
 - - [15/Jun/2021:19:46:29 +0900] "POST /bot/ HTTP/1.0" 200 0 "-" "security"
 - - [15/Jun/2021:19:46:32 +0900] "POST /bot/ HTTP/1.0" 200 0 "-" "security"
 - - [15/Jun/2021:19:46:34 +0900] "POST /bot/ HTTP/1.0" 200 0 "-" "security"
 - - [15/Jun/2021:19:46:35 +0900] "POST /bot/ HTTP/1.0" 200 0 "-" "security"
 - - [15/Jun/2021:19:46:36 +0900] "POST /bot/ HTTP/1.0" 200 0 "-" "security"
 - - [15/Jun/2021:19:46:37 +0900] "POST /bot/ HTTP/1.0" 200 0 "-" "security"
 - - [15/Jun/2021:20:41:55 +0900] "GET / HTTP/1.0" 404 232 "-" "-"
 - - [15/Jun/2021:20:41:55 +0900] "GET / HTTP/1.0" 404 232 "-" "Mozilla/5.0 (compatible; CensysInspect/1.1; +https://about.censys.io/)"
 - - [15/Jun/2021:20:42:32 +0900] "HEAD / HTTP/1.0" 404 0 "-" "Mozilla/5.0 (Windows NT 10.0; Win64; x64) AppleWebKit/537.36 (KHTML, like Gecko) Chrome/88.0.4324.146 Safari/537.36"
 - - [15/Jun/2021:21:48:50 +0900] "OPTIONS / HTTP/1.0" 404 232 "-" "-"
 - - [15/Jun/2021:22:35:24 +0900] "POST /bot/ HTTP/1.0" 200 0 "-" "security"
 - - [15/Jun/2021:22:35:28 +0900] "POST /bot/ HTTP/1.0" 200 0 "-" "security"
 - - [15/Jun/2021:22:35:34 +0900] "POST /bot/ HTTP/1.0" 200 0 "-" "security"
 - - [15/Jun/2021:22:35:36 +0900] "POST /bot/ HTTP/1.0" 200 0 "-" "security"
 - - [15/Jun/2021:22:35:41 +0900] "POST /bot/ HTTP/1.0" 200 0 "-" "security"
 - - [15/Jun/2021:22:35:47 +0900] "POST /bot/ HTTP/1.0" 200 0 "-" "security"
 - - [15/Jun/2021:22:46:56 +0900] "GET /remote/login HTTP/1.0" 404 232 "-" "Mozilla/5.0 (Windows NT 10.0; Win64; x64) AppleWebKit/537.36 (KHTML, like Gecko) Chrome/60.0.3112.113 Safari/537.36"
 - - [15/Jun/2021:23:38:49 +0900] "GET / HTTP/1.0" 404 232 "-" "Mozilla/5.0 (compatible; Baiduspider/2.0; +http://www.baidu.com/search/spider.html)"
 - - [16/Jun/2021:01:23:23 +0900] "POST /GponForm/diag_Form?style/ HTTP/1.0" 404 232 "-" "curl/7.3.2"
 - - [16/Jun/2021:02:05:26 +0900] "GET / HTTP/1.0" 404 232 "-" "Mozilla/5.0 (Windows NT 10.0; Win64; x64) AppleWebKit/537.36 (KHTML, like Gecko) Chrome/60.0.3112.113 Safari/537.36"
 - - [16/Jun/2021:03:21:08 +0900] "GET /actuator/health HTTP/1.0" 404 232 "-" "Mozilla/5.0 zgrab/0.x"
 - - [16/Jun/2021:04:40:46 +0900] "GET / HTTP/1.0" 404 232 "-" "-"
 - - [16/Jun/2021:04:40:47 +0900] "GET / HTTP/1.0" 404 232 "-" "Mozilla/5.0 (compatible; CensysInspect/1.1; +https://about.censys.io/)"
 - - [16/Jun/2021:05:35:22 +0900] "POST /Autodiscover/Autodiscover.xml HTTP/1.0" 404 232 "-" "Mozilla/5.0 (Windows NT 10.0; Win64; x64) AppleWebKit/537.36 (KHTML, like Gecko) Chrome/78.0.3904.108 Safari/537.36"
 - - [16/Jun/2021:05:35:25 +0900] "POST /mifs/.;/services/LogService HTTP/1.0" 404 232 "https://219.240.43.93:443" "Mozilla/5.0 (Windows NT 10.0; Win64; x64) AppleWebKit/537.36 (KHTML, like Gecko) Chrome/78.0.3904.108 Safari/537.36"
 - - [16/Jun/2021:05:35:27 +0900] "GET / HTTP/1.0" 404 232 "-" "Mozilla/5.0 (Windows NT 10.0; Win64; x64) AppleWebKit/537.36 (KHTML, like Gecko) Chrome/78.0.3904.108 Safari/537.36"
 - - [16/Jun/2021:05:35:31 +0900] "GET /?XDEBUG_SESSION_START=phpstorm HTTP/1.0" 404 232 "-" "Mozilla/5.0 (Windows NT 10.0; Win64; x64) AppleWebKit/537.36 (KHTML, like Gecko) Chrome/78.0.3904.108 Safari/537.36"
 - - [16/Jun/2021:05:35:31 +0900] "GET /vendor/phpunit/phpunit/src/Util/PHP/eval-stdin.php HTTP/1.0" 404 232 "-" "Mozilla/5.0 (Windows NT 10.0; Win64; x64) AppleWebKit/537.36 (KHTML, like Gecko) Chrome/78.0.3904.108 Safari/537.36"
 - - [16/Jun/2021:05:35:33 +0900] "GET /console/ HTTP/1.0" 404 232 "-" "Mozilla/5.0 (Windows NT 10.0; Win64; x64) AppleWebKit/537.36 (KHTML, like Gecko) Chrome/78.0.3904.108 Safari/537.36"
 - - [16/Jun/2021:05:35:37 +0900] "GET /wp-content/plugins/wp-file-manager/readme.txt HTTP/1.0" 404 232 "-" "Mozilla/5.0 (Windows NT 10.0; Win64; x64) AppleWebKit/537.36 (KHTML, like Gecko) Chrome/78.0.3904.108 Safari/537.36"
 - - [16/Jun/2021:05:35:38 +0900] "GET /_ignition/execute-solution HTTP/1.0" 404 232 "-" "Mozilla/5.0 (Windows NT 10.0; Win64; x64) AppleWebKit/537.36 (KHTML, like Gecko) Chrome/78.0.3904.108 Safari/537.36"
 - - [16/Jun/2021:05:35:40 +0900] "POST /api/jsonws/invoke HTTP/1.0" 404 232 "-" "Mozilla/5.0 (Windows NT 10.0; Win64; x64) AppleWebKit/537.36 (KHTML, like Gecko) Chrome/78.0.3904.108 Safari/537.36"
 - - [16/Jun/2021:05:40:36 +0900] "GET /owa/ HTTP/1.0" 404 232 "-" "Mozilla/5.0 (Windows NT 10.0; Win64; x64) AppleWebKit/537.36 (KHTML, like Gecko) Chrome/60.0.3112.113 Safari/537.36"
 - - [16/Jun/2021:06:16:47 +0900] "GET / HTTP/1.0" 404 232 "-" "-"
 - - [16/Jun/2021:06:59:25 +0900] "GET /ReportServer HTTP/1.0" 404 232 "-" "Mozilla/5.0 zgrab/0.x"
 - - [16/Jun/2021:07:12:16 +0900] "GET / HTTP/1.0" 404 232 "-" "Mozilla/5.0 (Windows NT 10.0; Win64; x64) AppleWebKit/537.36 (KHTML, like Gecko) Chrome/60.0.3112.113 Safari/537.36"
 - - [16/Jun/2021:07:20:53 +0900] "GET /login HTTP/1.0" 404 232 "-" "Mozilla/5.0 zgrab/0.x"
 - - [16/Jun/2021:07:46:49 +0900] "GET / HTTP/1.0" 404 232 "-" "Mozilla/5.0 zgrab/0.x"
 - - [16/Jun/2021:07:47:13 +0900] "GET /ecp/Current/exporttool/microsoft.exchange.ediscovery.exporttool.application HTTP/1.0" 404 232 "-" "Mozilla/5.0 zgrab/0.x"
 - - [16/Jun/2021:08:28:43 +0900] "POST /rest/tcs?user_id=B180093&user_key=b180093 HTTP/1.0" 200 0 "-" "Atlassian HttpClient 1.0.1 / JIRA-7.10.1 (710002) / Default"
 - - [16/Jun/2021:08:28:48 +0900] "POST /rest/tcs?user_id=B180093&user_key=b180093 HTTP/1.0" 500 290 "-" "Atlassian HttpClient 1.0.1 / JIRA-7.10.1 (710002) / Default"
 - - [16/Jun/2021:08:28:53 +0900] "POST /rest/tcs?user_id=B180093&user_key=b180093 HTTP/1.0" 500 290 "-" "Atlassian HttpClient 1.0.1 / JIRA-7.10.1 (710002) / Default"
 - - [16/Jun/2021:08:31:03 +0900] "POST /bot/ HTTP/1.0" 200 0 "-" "security"
 - - [16/Jun/2021:08:31:05 +0900] "POST /bot/ HTTP/1.0" 200 0 "-" "security"
 - - [16/Jun/2021:08:36:40 +0900] "POST /bot/ HTTP/1.0" 200 0 "-" "security"
 - - [16/Jun/2021:08:37:06 +0900] "POST /bot/ HTTP/1.0" 200 0 "-" "security"
 - - [16/Jun/2021:08:37:08 +0900] "POST /bot/ HTTP/1.0" 200 0 "-" "security"
 - - [16/Jun/2021:08:37:09 +0900] "POST /bot/ HTTP/1.0" 200 0 "-" "security"
 - - [16/Jun/2021:08:37:15 +0900] "POST /bot/ HTTP/1.0" 200 0 "-" "security"
 - - [16/Jun/2021:08:37:23 +0900] "POST /bot/ HTTP/1.0" 200 0 "-" "security"
 - - [16/Jun/2021:08:38:05 +0900] "POST /bot/ HTTP/1.0" 200 0 "-" "security"
 - - [16/Jun/2021:08:38:14 +0900] "POST /bot/ HTTP/1.0" 200 0 "-" "security"
 - - [16/Jun/2021:08:40:30 +0900] "POST /bot/ HTTP/1.0" 200 0 "-" "security"
 - - [16/Jun/2021:08:40:48 +0900] "POST /bot/ HTTP/1.0" 200 0 "-" "security"
 - - [16/Jun/2021:08:40:59 +0900] "POST /bot/ HTTP/1.0" 200 0 "-" "security"
 - - [16/Jun/2021:08:41:13 +0900] "POST /bot/ HTTP/1.0" 200 0 "-" "security"
 - - [16/Jun/2021:08:41:18 +0900] "POST /bot/ HTTP/1.0" 200 0 "-" "security"
 - - [16/Jun/2021:08:54:37 +0900] "POST /bot/ HTTP/1.0" 200 0 "-" "security"
 - - [16/Jun/2021:08:54:39 +0900] "POST /bot/ HTTP/1.0" 200 0 "-" "security"
 - - [16/Jun/2021:09:03:29 +0900] "POST /bot/ HTTP/1.0" 200 0 "-" "security"
 - - [16/Jun/2021:09:32:32 +0900] "POST /bot/ HTTP/1.0" 200 0 "-" "security"
 - - [16/Jun/2021:09:32:33 +0900] "POST /bot/ HTTP/1.0" 200 0 "-" "security"
 - - [16/Jun/2021:09:32:34 +0900] "POST /bot/ HTTP/1.0" 200 0 "-" "security"
 - - [16/Jun/2021:09:32:35 +0900] "POST /bot/ HTTP/1.0" 200 0 "-" "security"
 - - [16/Jun/2021:09:32:36 +0900] "POST /bot/ HTTP/1.0" 200 0 "-" "security"
 - - [16/Jun/2021:09:32:37 +0900] "POST /bot/ HTTP/1.0" 200 0 "-" "security"
 - - [16/Jun/2021:09:32:38 +0900] "POST /bot/ HTTP/1.0" 200 0 "-" "security"
 - - [16/Jun/2021:09:32:40 +0900] "POST /bot/ HTTP/1.0" 200 0 "-" "security"
 - - [16/Jun/2021:09:32:42 +0900] "POST /bot/ HTTP/1.0" 200 0 "-" "security"
 - - [16/Jun/2021:09:32:44 +0900] "POST /bot/ HTTP/1.0" 200 0 "-" "security"
 - - [16/Jun/2021:09:32:46 +0900] "POST /bot/ HTTP/1.0" 200 0 "-" "security"
 - - [16/Jun/2021:09:32:48 +0900] "POST /bot/ HTTP/1.0" 200 0 "-" "security"
 - - [16/Jun/2021:09:32:50 +0900] "POST /bot/ HTTP/1.0" 200 0 "-" "security"
 - - [16/Jun/2021:09:32:51 +0900] "POST /bot/ HTTP/1.0" 200 0 "-" "security"
 - - [16/Jun/2021:09:32:52 +0900] "POST /bot/ HTTP/1.0" 200 0 "-" "security"
 - - [16/Jun/2021:09:32:53 +0900] "POST /bot/ HTTP/1.0" 200 0 "-" "security"
 - - [16/Jun/2021:09:32:54 +0900] "POST /bot/ HTTP/1.0" 200 0 "-" "security"
 - - [16/Jun/2021:09:32:57 +0900] "POST /bot/ HTTP/1.0" 200 0 "-" "security"
 - - [16/Jun/2021:09:32:59 +0900] "POST /bot/ HTTP/1.0" 200 0 "-" "security"
 - - [16/Jun/2021:09:33:00 +0900] "POST /bot/ HTTP/1.0" 200 0 "-" "security"
 - - [16/Jun/2021:09:33:01 +0900] "POST /bot/ HTTP/1.0" 200 0 "-" "security"
 - - [16/Jun/2021:09:33:02 +0900] "POST /bot/ HTTP/1.0" 200 0 "-" "security"
 - - [16/Jun/2021:09:33:04 +0900] "POST /bot/ HTTP/1.0" 200 0 "-" "security"
 - - [16/Jun/2021:09:33:05 +0900] "POST /bot/ HTTP/1.0" 200 0 "-" "security"
 - - [16/Jun/2021:09:33:08 +0900] "POST /bot/ HTTP/1.0" 200 0 "-" "security"
 - - [16/Jun/2021:09:33:09 +0900] "POST /bot/ HTTP/1.0" 200 0 "-" "security"
 - - [16/Jun/2021:09:33:10 +0900] "POST /bot/ HTTP/1.0" 200 0 "-" "security"
 - - [16/Jun/2021:09:33:11 +0900] "POST /bot/ HTTP/1.0" 200 0 "-" "security"
 - - [16/Jun/2021:09:33:12 +0900] "POST /bot/ HTTP/1.0" 200 0 "-" "security"
 - - [16/Jun/2021:09:33:13 +0900] "POST /bot/ HTTP/1.0" 200 0 "-" "security"
 - - [16/Jun/2021:09:33:14 +0900] "POST /bot/ HTTP/1.0" 200 0 "-" "security"
 - - [16/Jun/2021:09:33:17 +0900] "POST /bot/ HTTP/1.0" 200 0 "-" "security"
 - - [16/Jun/2021:09:33:18 +0900] "POST /bot/ HTTP/1.0" 200 0 "-" "security"
 - - [16/Jun/2021:09:33:19 +0900] "POST /bot/ HTTP/1.0" 200 0 "-" "security"
 - - [16/Jun/2021:09:33:20 +0900] "POST /bot/ HTTP/1.0" 200 0 "-" "security"
 - - [16/Jun/2021:09:33:21 +0900] "POST /bot/ HTTP/1.0" 200 0 "-" "security"
 - - [16/Jun/2021:09:33:23 +0900] "POST /bot/ HTTP/1.0" 200 0 "-" "security"
 - - [16/Jun/2021:09:33:25 +0900] "POST /bot/ HTTP/1.0" 200 0 "-" "security"
 - - [16/Jun/2021:09:33:27 +0900] "POST /bot/ HTTP/1.0" 200 0 "-" "security"
 - - [16/Jun/2021:09:33:30 +0900] "POST /bot/ HTTP/1.0" 200 0 "-" "security"
 - - [16/Jun/2021:09:33:33 +0900] "POST /bot/ HTTP/1.0" 200 0 "-" "security"
 - - [16/Jun/2021:09:33:47 +0900] "POST /bot/ HTTP/1.0" 200 0 "-" "security"
 - - [16/Jun/2021:09:33:48 +0900] "POST /bot/ HTTP/1.0" 200 0 "-" "security"
 - - [16/Jun/2021:09:33:49 +0900] "POST /bot/ HTTP/1.0" 200 0 "-" "security"
 - - [16/Jun/2021:09:33:51 +0900] "POST /bot/ HTTP/1.0" 200 0 "-" "security"
 - - [16/Jun/2021:09:40:34 +0900] "POST /bot/ HTTP/1.0" 200 0 "-" "security"
 - - [16/Jun/2021:10:05:21 +0900] "POST /bot/ HTTP/1.0" 200 0 "-" "security"
 - - [16/Jun/2021:10:19:19 +0900] "POST /bot/ HTTP/1.0" 200 0 "-" "security"
 - - [16/Jun/2021:10:19:21 +0900] "POST /bot/ HTTP/1.0" 200 0 "-" "security"
 - - [16/Jun/2021:10:19:24 +0900] "POST /bot/ HTTP/1.0" 200 0 "-" "security"
 - - [16/Jun/2021:10:20:06 +0900] "POST /bot/ HTTP/1.0" 200 0 "-" "security"
 - - [16/Jun/2021:10:20:15 +0900] "POST /bot/ HTTP/1.0" 200 0 "-" "security"
 - - [16/Jun/2021:10:20:22 +0900] "POST /bot/ HTTP/1.0" 200 0 "-" "security"
 - - [16/Jun/2021:10:20:24 +0900] "POST /bot/ HTTP/1.0" 200 0 "-" "security"
 - - [16/Jun/2021:10:20:27 +0900] "POST /bot/ HTTP/1.0" 200 0 "-" "security"
 - - [16/Jun/2021:10:20:34 +0900] "POST /bot/ HTTP/1.0" 200 0 "-" "security"
 - - [16/Jun/2021:10:21:09 +0900] "POST /bot/ HTTP/1.0" 200 0 "-" "security"
 - - [16/Jun/2021:10:21:30 +0900] "POST /bot/ HTTP/1.0" 200 0 "-" "security"
 - - [16/Jun/2021:10:21:39 +0900] "POST /bot/ HTTP/1.0" 200 0 "-" "security"
 - - [16/Jun/2021:10:21:51 +0900] "POST /bot/ HTTP/1.0" 200 0 "-" "security"
 - - [16/Jun/2021:10:22:29 +0900] "POST /bot/ HTTP/1.0" 200 0 "-" "security"
 - - [16/Jun/2021:10:22:31 +0900] "POST /bot/ HTTP/1.0" 200 0 "-" "security"
 - - [16/Jun/2021:10:22:33 +0900] "POST /bot/ HTTP/1.0" 200 0 "-" "security"
 - - [16/Jun/2021:10:22:34 +0900] "POST /bot/ HTTP/1.0" 200 0 "-" "security"
 - - [16/Jun/2021:10:22:35 +0900] "POST /bot/ HTTP/1.0" 200 0 "-" "security"
 - - [16/Jun/2021:10:22:38 +0900] "POST /bot/ HTTP/1.0" 200 0 "-" "security"
 - - [16/Jun/2021:10:22:39 +0900] "POST /bot/ HTTP/1.0" 200 0 "-" "security"
 - - [16/Jun/2021:10:22:41 +0900] "POST /bot/ HTTP/1.0" 200 0 "-" "security"
 - - [16/Jun/2021:10:22:43 +0900] "POST /bot/ HTTP/1.0" 200 0 "-" "security"
 - - [16/Jun/2021:10:22:50 +0900] "POST /bot/ HTTP/1.0" 200 0 "-" "security"
 - - [16/Jun/2021:10:22:53 +0900] "POST /bot/ HTTP/1.0" 200 0 "-" "security"
 - - [16/Jun/2021:10:22:56 +0900] "POST /bot/ HTTP/1.0" 200 0 "-" "security"
 - - [16/Jun/2021:10:22:57 +0900] "POST /bot/ HTTP/1.0" 200 0 "-" "security"
 - - [16/Jun/2021:10:22:58 +0900] "POST /bot/ HTTP/1.0" 200 0 "-" "security"
 - - [16/Jun/2021:10:22:59 +0900] "POST /bot/ HTTP/1.0" 200 0 "-" "security"
 - - [16/Jun/2021:10:23:00 +0900] "POST /bot/ HTTP/1.0" 200 0 "-" "security"
 - - [16/Jun/2021:10:23:02 +0900] "POST /bot/ HTTP/1.0" 200 0 "-" "security"
 - - [16/Jun/2021:10:23:06 +0900] "POST /bot/ HTTP/1.0" 200 0 "-" "security"
 - - [16/Jun/2021:10:23:09 +0900] "POST /bot/ HTTP/1.0" 200 0 "-" "security"
 - - [16/Jun/2021:10:23:14 +0900] "POST /bot/ HTTP/1.0" 200 0 "-" "security"
 - - [16/Jun/2021:10:23:24 +0900] "POST /bot/ HTTP/1.0" 200 0 "-" "security"
 - - [16/Jun/2021:10:23:25 +0900] "POST /bot/ HTTP/1.0" 200 0 "-" "security"
 - - [16/Jun/2021:10:23:27 +0900] "POST /bot/ HTTP/1.0" 200 0 "-" "security"
 - - [16/Jun/2021:10:23:29 +0900] "POST /bot/ HTTP/1.0" 200 0 "-" "security"
 - - [16/Jun/2021:10:23:47 +0900] "POST /bot/ HTTP/1.0" 200 0 "-" "security"
 - - [16/Jun/2021:10:23:50 +0900] "POST /bot/ HTTP/1.0" 200 0 "-" "security"
 - - [16/Jun/2021:10:23:52 +0900] "POST /bot/ HTTP/1.0" 200 0 "-" "security"
 - - [16/Jun/2021:10:23:55 +0900] "POST /bot/ HTTP/1.0" 200 0 "-" "security"
 - - [16/Jun/2021:10:23:57 +0900] "POST /bot/ HTTP/1.0" 200 0 "-" "security"
 - - [16/Jun/2021:10:23:59 +0900] "POST /bot/ HTTP/1.0" 200 0 "-" "security"
 - - [16/Jun/2021:10:24:00 +0900] "POST /bot/ HTTP/1.0" 200 0 "-" "security"
 - - [16/Jun/2021:10:24:01 +0900] "POST /bot/ HTTP/1.0" 200 0 "-" "security"
 - - [16/Jun/2021:10:24:04 +0900] "POST /bot/ HTTP/1.0" 200 0 "-" "security"
 - - [16/Jun/2021:10:24:12 +0900] "POST /bot/ HTTP/1.0" 200 0 "-" "security"
 - - [16/Jun/2021:10:24:17 +0900] "POST /bot/ HTTP/1.0" 200 0 "-" "security"
 - - [16/Jun/2021:10:25:11 +0900] "POST /bot/ HTTP/1.0" 200 0 "-" "security"
 - - [16/Jun/2021:10:25:13 +0900] "POST /bot/ HTTP/1.0" 200 0 "-" "security"
 - - [16/Jun/2021:10:25:15 +0900] "POST /bot/ HTTP/1.0" 200 0 "-" "security"
 - - [16/Jun/2021:10:25:17 +0900] "POST /bot/ HTTP/1.0" 200 0 "-" "security"
 - - [16/Jun/2021:10:25:19 +0900] "POST /bot/ HTTP/1.0" 200 0 "-" "security"
 - - [16/Jun/2021:10:25:21 +0900] "POST /bot/ HTTP/1.0" 200 0 "-" "security"
 - - [16/Jun/2021:10:25:24 +0900] "POST /bot/ HTTP/1.0" 200 0 "-" "security"
 - - [16/Jun/2021:10:25:59 +0900] "POST /bot/ HTTP/1.0" 200 0 "-" "security"
 - - [16/Jun/2021:10:26:08 +0900] "POST /bot/ HTTP/1.0" 200 0 "-" "security"
 - - [16/Jun/2021:10:26:12 +0900] "POST /bot/ HTTP/1.0" 200 0 "-" "security"
 - - [16/Jun/2021:10:26:37 +0900] "POST /bot/ HTTP/1.0" 200 0 "-" "security"
 - - [16/Jun/2021:10:26:53 +0900] "POST /bot/ HTTP/1.0" 200 0 "-" "security"
 - - [16/Jun/2021:10:27:34 +0900] "POST /bot/ HTTP/1.0" 200 0 "-" "security"
 - - [16/Jun/2021:10:27:38 +0900] "POST /bot/ HTTP/1.0" 200 0 "-" "security"
 - - [16/Jun/2021:10:27:49 +0900] "POST /bot/ HTTP/1.0" 200 0 "-" "security"
 - - [16/Jun/2021:10:27:55 +0900] "POST /bot/ HTTP/1.0" 200 0 "-" "security"
 - - [16/Jun/2021:10:28:18 +0900] "POST /bot/ HTTP/1.0" 200 0 "-" "security"
 - - [16/Jun/2021:10:29:40 +0900] "POST /bot/ HTTP/1.0" 200 0 "-" "security"
 - - [16/Jun/2021:10:30:09 +0900] "POST /bot/ HTTP/1.0" 200 0 "-" "security"
 - - [16/Jun/2021:10:30:13 +0900] "POST /bot/ HTTP/1.0" 200 0 "-" "security"
 - - [16/Jun/2021:10:30:13 +0900] "POST /bot/ HTTP/1.0" 200 0 "-" "security"
 - - [16/Jun/2021:10:30:16 +0900] "POST /bot/ HTTP/1.0" 200 0 "-" "security"
 - - [16/Jun/2021:10:30:19 +0900] "POST /bot/ HTTP/1.0" 200 0 "-" "security"
 - - [16/Jun/2021:10:30:37 +0900] "POST /bot/ HTTP/1.0" 200 0 "-" "security"
 - - [16/Jun/2021:10:30:40 +0900] "POST /bot/ HTTP/1.0" 200 0 "-" "security"
 - - [16/Jun/2021:10:31:18 +0900] "POST /bot/ HTTP/1.0" 200 0 "-" "security"
 - - [16/Jun/2021:10:32:27 +0900] "POST /bot/ HTTP/1.0" 200 0 "-" "security"
 - - [16/Jun/2021:10:32:31 +0900] "POST /bot/ HTTP/1.0" 200 0 "-" "security"
 - - [16/Jun/2021:10:33:57 +0900] "POST /bot/ HTTP/1.0" 200 0 "-" "security"
 - - [16/Jun/2021:10:34:01 +0900] "POST /bot/ HTTP/1.0" 200 0 "-" "security"
 - - [16/Jun/2021:10:34:04 +0900] "POST /bot/ HTTP/1.0" 200 0 "-" "security"
 - - [16/Jun/2021:10:34:07 +0900] "POST /bot/ HTTP/1.0" 200 0 "-" "security"
 - - [16/Jun/2021:10:34:08 +0900] "POST /bot/ HTTP/1.0" 200 0 "-" "security"
 - - [16/Jun/2021:10:34:10 +0900] "POST /bot/ HTTP/1.0" 200 0 "-" "security"
 - - [16/Jun/2021:10:34:15 +0900] "POST /bot/ HTTP/1.0" 200 0 "-" "security"
 - - [16/Jun/2021:10:34:17 +0900] "POST /bot/ HTTP/1.0" 200 0 "-" "security"
 - - [16/Jun/2021:10:36:09 +0900] "POST /bot/ HTTP/1.0" 200 0 "-" "security"
 - - [16/Jun/2021:10:36:17 +0900] "POST /bot/ HTTP/1.0" 200 0 "-" "security"
 - - [16/Jun/2021:10:36:19 +0900] "POST /bot/ HTTP/1.0" 200 0 "-" "security"
 - - [16/Jun/2021:10:36:21 +0900] "POST /bot/ HTTP/1.0" 200 0 "-" "security"
 - - [16/Jun/2021:10:36:26 +0900] "POST /bot/ HTTP/1.0" 200 0 "-" "security"
 - - [16/Jun/2021:10:36:27 +0900] "POST /bot/ HTTP/1.0" 200 0 "-" "security"
 - - [16/Jun/2021:10:36:30 +0900] "POST /bot/ HTTP/1.0" 200 0 "-" "security"
 - - [16/Jun/2021:10:36:34 +0900] "POST /bot/ HTTP/1.0" 200 0 "-" "security"
 - - [16/Jun/2021:10:39:29 +0900] "POST /bot/ HTTP/1.0" 200 0 "-" "security"
 - - [16/Jun/2021:10:39:31 +0900] "POST /bot/ HTTP/1.0" 200 0 "-" "security"
 - - [16/Jun/2021:10:39:43 +0900] "POST /bot/ HTTP/1.0" 200 0 "-" "security"
 - - [16/Jun/2021:10:43:34 +0900] "POST /bot/ HTTP/1.0" 200 0 "-" "security"
 - - [16/Jun/2021:10:45:37 +0900] "POST /bot/ HTTP/1.0" 200 0 "-" "security"
 - - [16/Jun/2021:10:45:58 +0900] "POST /bot/ HTTP/1.0" 200 0 "-" "security"
 - - [16/Jun/2021:10:46:04 +0900] "POST /bot/ HTTP/1.0" 200 0 "-" "security"
 - - [16/Jun/2021:10:46:18 +0900] "POST /bot/ HTTP/1.0" 200 0 "-" "security"
 - - [16/Jun/2021:10:46:26 +0900] "POST /bot/ HTTP/1.0" 200 0 "-" "security"
 - - [16/Jun/2021:10:46:27 +0900] "POST /bot/ HTTP/1.0" 200 0 "-" "security"
 - - [16/Jun/2021:10:46:31 +0900] "POST /bot/ HTTP/1.0" 200 0 "-" "security"
 - - [16/Jun/2021:10:46:34 +0900] "POST /bot/ HTTP/1.0" 200 0 "-" "security"
 - - [16/Jun/2021:10:46:35 +0900] "POST /bot/ HTTP/1.0" 200 0 "-" "security"
 - - [16/Jun/2021:10:46:37 +0900] "POST /bot/ HTTP/1.0" 200 0 "-" "security"
 - - [16/Jun/2021:10:46:40 +0900] "POST /bot/ HTTP/1.0" 200 0 "-" "security"
 - - [16/Jun/2021:10:46:53 +0900] "POST /bot/ HTTP/1.0" 200 0 "-" "security"
 - - [16/Jun/2021:10:46:57 +0900] "POST /bot/ HTTP/1.0" 200 0 "-" "security"
 - - [16/Jun/2021:10:47:03 +0900] "POST /bot/ HTTP/1.0" 200 0 "-" "security"
 - - [16/Jun/2021:10:47:09 +0900] "POST /bot/ HTTP/1.0" 200 0 "-" "security"
 - - [16/Jun/2021:10:47:13 +0900] "POST /bot/ HTTP/1.0" 200 0 "-" "security"
 - - [16/Jun/2021:10:47:18 +0900] "POST /bot/ HTTP/1.0" 200 0 "-" "security"
 - - [16/Jun/2021:10:52:54 +0900] "POST /bot/ HTTP/1.0" 200 0 "-" "security"
 - - [16/Jun/2021:10:53:24 +0900] "POST /bot/ HTTP/1.0" 200 0 "-" "security"
 - - [16/Jun/2021:10:53:27 +0900] "POST /bot/ HTTP/1.0" 200 0 "-" "security"
 - - [16/Jun/2021:10:53:30 +0900] "POST /bot/ HTTP/1.0" 200 0 "-" "security"
 - - [16/Jun/2021:10:57:03 +0900] "POST /bot/ HTTP/1.0" 200 0 "-" "security"
 - - [16/Jun/2021:10:57:05 +0900] "POST /bot/ HTTP/1.0" 200 0 "-" "security"
 - - [16/Jun/2021:10:57:17 +0900] "POST /bot/ HTTP/1.0" 200 0 "-" "security"
 - - [16/Jun/2021:10:57:25 +0900] "GET / HTTP/1.0" 404 232 "-" "-"
 - - [16/Jun/2021:10:57:28 +0900] "POST /bot/ HTTP/1.0" 200 0 "-" "security"
 - - [16/Jun/2021:10:57:31 +0900] "POST /bot/ HTTP/1.0" 200 0 "-" "security"
 - - [16/Jun/2021:10:57:34 +0900] "POST /bot/ HTTP/1.0" 200 0 "-" "security"
 - - [16/Jun/2021:10:57:51 +0900] "POST /bot/ HTTP/1.0" 200 0 "-" "security"
 - - [16/Jun/2021:10:57:53 +0900] "POST /bot/ HTTP/1.0" 200 0 "-" "security"
 - - [16/Jun/2021:11:08:54 +0900] "POST /bot/ HTTP/1.0" 200 0 "-" "security"
 - - [16/Jun/2021:11:09:00 +0900] "POST /bot/ HTTP/1.0" 200 0 "-" "security"
 - - [16/Jun/2021:11:09:07 +0900] "POST /bot/ HTTP/1.0" 200 0 "-" "security"
 - - [16/Jun/2021:11:09:17 +0900] "POST /bot/ HTTP/1.0" 200 0 "-" "security"
 - - [16/Jun/2021:11:09:19 +0900] "POST /bot/ HTTP/1.0" 200 0 "-" "security"
 - - [16/Jun/2021:11:11:13 +0900] "POST /bot/ HTTP/1.0" 200 0 "-" "security"
 - - [16/Jun/2021:11:11:18 +0900] "POST /bot/ HTTP/1.0" 200 0 "-" "security"
 - - [16/Jun/2021:11:11:27 +0900] "POST /bot/ HTTP/1.0" 200 0 "-" "security"
 - - [16/Jun/2021:11:11:32 +0900] "POST /bot/ HTTP/1.0" 200 0 "-" "security"
 - - [16/Jun/2021:11:11:52 +0900] "POST /bot/ HTTP/1.0" 200 0 "-" "security"
 - - [16/Jun/2021:11:11:56 +0900] "POST /bot/ HTTP/1.0" 200 0 "-" "security"
 - - [16/Jun/2021:11:12:04 +0900] "POST /bot/ HTTP/1.0" 200 0 "-" "security"
 - - [16/Jun/2021:11:29:13 +0900] "POST /rest/tims?user_id=B130042&user_key=b130042 HTTP/1.0" 200 0 "-" "Atlassian HttpClient 0.17.3 / JIRA-6.2.5 (6262) / Default"
 - - [16/Jun/2021:11:29:38 +0900] "POST /rest/tims?user_id=tims_imuser&user_key=tims_imuser HTTP/1.0" 200 0 "-" "Atlassian HttpClient 0.17.3 / JIRA-6.2.5 (6262) / Default"
 - - [16/Jun/2021:11:29:38 +0900] "POST /rest/tims?user_id=S100023&user_key=s100023 HTTP/1.0" 200 0 "-" "Atlassian HttpClient 0.17.3 / JIRA-6.2.5 (6262) / Default"
 - - [16/Jun/2021:11:29:39 +0900] "POST /rest/tims?user_id=tims_imuser&user_key=tims_imuser HTTP/1.0" 200 0 "-" "Atlassian HttpClient 0.17.3 / JIRA-6.2.5 (6262) / Default"
 - - [16/Jun/2021:11:29:44 +0900] "POST /rest/tims?user_id=B070188&user_key=b070188 HTTP/1.0" 200 0 "-" "Atlassian HttpClient 0.17.3 / JIRA-6.2.5 (6262) / Default"
 - - [16/Jun/2021:11:29:47 +0900] "POST /rest/tims?user_id=B130042&user_key=b130042 HTTP/1.0" 200 0 "-" "Atlassian HttpClient 0.17.3 / JIRA-6.2.5 (6262) / Default"
 - - [16/Jun/2021:11:36:45 +0900] "POST /rest/tims?user_id=bhyoo%40vadas.co.kr&user_key=bhyoo%40vadas.co.kr HTTP/1.0" 200 0 "-" "Atlassian HttpClient 0.17.3 / JIRA-6.2.5 (6262) / Default"
 - - [16/Jun/2021:11:37:20 +0900] "POST /rest/tims?user_id=tims_imuser&user_key=tims_imuser HTTP/1.0" 200 0 "-" "Atlassian HttpClient 0.17.3 / JIRA-6.2.5 (6262) / Default"
 - - [16/Jun/2021:11:37:21 +0900] "POST /rest/tims?user_id=tims_imuser&user_key=tims_imuser HTTP/1.0" 200 0 "-" "Atlassian HttpClient 0.17.3 / JIRA-6.2.5 (6262) / Default"
 - - [16/Jun/2021:11:38:35 +0900] "POST /rest/tims?user_id=B070188&user_key=b070188 HTTP/1.0" 200 0 "-" "Atlassian HttpClient 0.17.3 / JIRA-6.2.5 (6262) / Default"
 - - [16/Jun/2021:11:38:54 +0900] "GET / HTTP/1.0" 404 232 "-" "Mozilla/5.0 (Windows NT 10.0; Win64; x64) AppleWebKit/537.36 (KHTML, like Gecko) Chrome/60.0.3112.113 Safari/537.36"
 - - [16/Jun/2021:11:39:07 +0900] "POST /rest/tims?user_id=B070188&user_key=b070188 HTTP/1.0" 200 0 "-" "Atlassian HttpClient 0.17.3 / JIRA-6.2.5 (6262) / Default"
 - - [16/Jun/2021:11:39:52 +0900] "POST /rest/tims?user_id=B070188&user_key=b070188 HTTP/1.0" 200 0 "-" "Atlassian HttpClient 0.17.3 / JIRA-6.2.5 (6262) / Default"
 - - [16/Jun/2021:11:40:14 +0900] "POST /rest/tims?user_id=B070188&user_key=b070188 HTTP/1.0" 200 0 "-" "Atlassian HttpClient 0.17.3 / JIRA-6.2.5 (6262) / Default"
 - - [16/Jun/2021:11:41:12 +0900] "POST /rest/tims?user_id=B070188&user_key=b070188 HTTP/1.0" 200 0 "-" "Atlassian HttpClient 0.17.3 / JIRA-6.2.5 (6262) / Default"
 - - [16/Jun/2021:11:41:27 +0900] "POST /rest/tims?user_id=B070188&user_key=b070188 HTTP/1.0" 200 0 "-" "Atlassian HttpClient 0.17.3 / JIRA-6.2.5 (6262) / Default"
 - - [16/Jun/2021:11:42:16 +0900] "POST /rest/tims?user_id=B070188&user_key=b070188 HTTP/1.0" 200 0 "-" "Atlassian HttpClient 0.17.3 / JIRA-6.2.5 (6262) / Default"
 - - [16/Jun/2021:11:42:27 +0900] "POST /rest/tims?user_id=B190384&user_key=b190384 HTTP/1.0" 200 10 "-" "Atlassian HttpClient 0.17.3 / JIRA-6.2.5 (6262) / Default"
 - - [16/Jun/2021:11:42:35 +0900] "POST /rest/tims?user_id=B110073&user_key=b110073 HTTP/1.0" 200 0 "-" "Atlassian HttpClient 0.17.3 / JIRA-6.2.5 (6262) / Default"
 - - [16/Jun/2021:11:42:49 +0900] "POST /rest/tims?user_id=B070188&user_key=b070188 HTTP/1.0" 200 0 "-" "Atlassian HttpClient 0.17.3 / JIRA-6.2.5 (6262) / Default"
 - - [16/Jun/2021:11:43:07 +0900] "POST /rest/tims?user_id=B070188&user_key=b070188 HTTP/1.0" 200 0 "-" "Atlassian HttpClient 0.17.3 / JIRA-6.2.5 (6262) / Default"
 - - [16/Jun/2021:11:43:21 +0900] "POST /rest/tims?user_id=B190384&user_key=b190384 HTTP/1.0" 200 10 "-" "Atlassian HttpClient 0.17.3 / JIRA-6.2.5 (6262) / Default"
 - - [16/Jun/2021:11:43:46 +0900] "POST /rest/tims?user_id=B110073&user_key=b110073 HTTP/1.0" 200 0 "-" "Atlassian HttpClient 0.17.3 / JIRA-6.2.5 (6262) / Default"
 - - [16/Jun/2021:11:43:47 +0900] "POST /rest/tims?user_id=B070188&user_key=b070188 HTTP/1.0" 200 0 "-" "Atlassian HttpClient 0.17.3 / JIRA-6.2.5 (6262) / Default"
 - - [16/Jun/2021:11:44:09 +0900] "POST /rest/tims?user_id=B130021&user_key=b130021 HTTP/1.0" 200 10 "-" "Atlassian HttpClient 0.17.3 / JIRA-6.2.5 (6262) / Default"
 - - [16/Jun/2021:11:44:28 +0900] "POST /rest/tims?user_id=B070188&user_key=b070188 HTTP/1.0" 200 0 "-" "Atlassian HttpClient 0.17.3 / JIRA-6.2.5 (6262) / Default"
 - - [16/Jun/2021:11:44:33 +0900] "POST /bot/ HTTP/1.0" 200 0 "-" "security"
 - - [16/Jun/2021:11:44:36 +0900] "POST /rest/tims?user_id=B130021&user_key=b130021 HTTP/1.0" 200 0 "-" "Atlassian HttpClient 0.17.3 / JIRA-6.2.5 (6262) / Default"
 - - [16/Jun/2021:11:44:37 +0900] "POST /bot/ HTTP/1.0" 200 0 "-" "security"
 - - [16/Jun/2021:11:44:42 +0900] "POST /rest/tims?user_id=B130021&user_key=b130021 HTTP/1.0" 200 0 "-" "Atlassian HttpClient 0.17.3 / JIRA-6.2.5 (6262) / Default"
 - - [16/Jun/2021:11:44:44 +0900] "POST /bot/ HTTP/1.0" 200 0 "-" "security"
 - - [16/Jun/2021:11:44:46 +0900] "POST /rest/tims?user_id=B070188&user_key=b070188 HTTP/1.0" 200 0 "-" "Atlassian HttpClient 0.17.3 / JIRA-6.2.5 (6262) / Default"
 - - [16/Jun/2021:11:44:47 +0900] "POST /bot/ HTTP/1.0" 200 0 "-" "security"
 - - [16/Jun/2021:11:44:56 +0900] "POST /bot/ HTTP/1.0" 500 290 "-" "security"
 - - [16/Jun/2021:11:45:04 +0900] "POST /bot/ HTTP/1.0" 200 0 "-" "security"
 - - [16/Jun/2021:11:45:06 +0900] "POST /bot/ HTTP/1.0" 200 0 "-" "security"
 - - [16/Jun/2021:11:45:11 +0900] "POST /bot/ HTTP/1.0" 200 0 "-" "security"
 - - [16/Jun/2021:11:45:18 +0900] "POST /bot/ HTTP/1.0" 200 0 "-" "security"
 - - [16/Jun/2021:11:45:21 +0900] "POST /bot/ HTTP/1.0" 200 0 "-" "security"
 - - [16/Jun/2021:11:45:25 +0900] "POST /bot/ HTTP/1.0" 200 0 "-" "security"
 - - [16/Jun/2021:11:45:28 +0900] "POST /bot/ HTTP/1.0" 200 0 "-" "security"
 - - [16/Jun/2021:11:45:30 +0900] "POST /bot/ HTTP/1.0" 200 0 "-" "security"
 - - [16/Jun/2021:11:45:33 +0900] "POST /rest/tims?user_id=B070188&user_key=b070188 HTTP/1.0" 200 0 "-" "Atlassian HttpClient 0.17.3 / JIRA-6.2.5 (6262) / Default"
 - - [16/Jun/2021:11:45:36 +0900] "POST /bot/ HTTP/1.0" 200 0 "-" "security"
 - - [16/Jun/2021:11:45:40 +0900] "POST /bot/ HTTP/1.0" 200 0 "-" "security"
 - - [16/Jun/2021:11:45:42 +0900] "POST /bot/ HTTP/1.0" 200 0 "-" "security"
 - - [16/Jun/2021:11:45:42 +0900] "POST /rest/tims?user_id=B130021&user_key=b130021 HTTP/1.0" 200 0 "-" "Atlassian HttpClient 0.17.3 / JIRA-6.2.5 (6262) / Default"
 - - [16/Jun/2021:11:45:49 +0900] "POST /bot/ HTTP/1.0" 200 0 "-" "security"
 - - [16/Jun/2021:11:45:50 +0900] "POST /bot/ HTTP/1.0" 200 0 "-" "security"
 - - [16/Jun/2021:11:45:52 +0900] "POST /bot/ HTTP/1.0" 200 0 "-" "security"
 - - [16/Jun/2021:11:45:52 +0900] "POST /rest/tims?user_id=B070188&user_key=b070188 HTTP/1.0" 200 0 "-" "Atlassian HttpClient 0.17.3 / JIRA-6.2.5 (6262) / Default"
 - - [16/Jun/2021:11:45:52 +0900] "POST /bot/ HTTP/1.0" 200 0 "-" "security"
 - - [16/Jun/2021:11:45:57 +0900] "POST /bot/ HTTP/1.0" 200 0 "-" "security"
 - - [16/Jun/2021:11:46:00 +0900] "POST /bot/ HTTP/1.0" 200 0 "-" "security"
 - - [16/Jun/2021:11:46:02 +0900] "POST /bot/ HTTP/1.0" 200 0 "-" "security"
 - - [16/Jun/2021:11:46:09 +0900] "POST /bot/ HTTP/1.0" 200 0 "-" "security"
 - - [16/Jun/2021:11:46:44 +0900] "POST /rest/tims?user_id=B070188&user_key=b070188 HTTP/1.0" 200 0 "-" "Atlassian HttpClient 0.17.3 / JIRA-6.2.5 (6262) / Default"
 - - [16/Jun/2021:11:46:56 +0900] "POST /rest/tims?user_id=B070188&user_key=b070188 HTTP/1.0" 200 0 "-" "Atlassian HttpClient 0.17.3 / JIRA-6.2.5 (6262) / Default"
 - - [16/Jun/2021:11:51:46 +0900] "POST /rest/tims?user_id=B180093&user_key=b180093 HTTP/1.0" 200 0 "-" "Atlassian HttpClient 0.17.3 / JIRA-6.2.5 (6262) / Default"
 - - [16/Jun/2021:11:52:53 +0900] "POST /rest/tims?user_id=yang_jian3%40hoperun.com&user_key=yang_jian3%40hoperun.com HTTP/1.0" 200 0 "-" "Atlassian HttpClient 0.17.3 / JIRA-6.2.5 (6262) / Default"
 - - [16/Jun/2021:11:55:13 +0900] "POST /rest/tims?user_id=B070188&user_key=b070188 HTTP/1.0" 200 0 "-" "Atlassian HttpClient 0.17.3 / JIRA-6.2.5 (6262) / Default"
 - - [16/Jun/2021:11:55:29 +0900] "POST /rest/tims?user_id=B070188&user_key=b070188 HTTP/1.0" 200 0 "-" "Atlassian HttpClient 0.17.3 / JIRA-6.2.5 (6262) / Default"
 - - [16/Jun/2021:11:56:12 +0900] "POST /rest/tims?user_id=B060741&user_key=b060741 HTTP/1.0" 200 0 "-" "Atlassian HttpClient 0.17.3 / JIRA-6.2.5 (6262) / Default"
 - - [16/Jun/2021:11:57:14 +0900] "POST /rest/tims?user_id=B100285&user_key=b100285 HTTP/1.0" 200 0 "-" "Atlassian HttpClient 0.17.3 / JIRA-6.2.5 (6262) / Default"
 - - [16/Jun/2021:11:58:34 +0900] "POST /rest/tims?user_id=B100285&user_key=b100285 HTTP/1.0" 200 0 "-" "Atlassian HttpClient 0.17.3 / JIRA-6.2.5 (6262) / Default"
 - - [16/Jun/2021:12:01:58 +0900] "POST /rest/tims?user_id=B130042&user_key=b130042 HTTP/1.0" 200 0 "-" "Atlassian HttpClient 0.17.3 / JIRA-6.2.5 (6262) / Default"
 - - [16/Jun/2021:12:01:59 +0900] "POST /rest/tims?user_id=tims_imuser&user_key=tims_imuser HTTP/1.0" 200 0 "-" "Atlassian HttpClient 0.17.3 / JIRA-6.2.5 (6262) / Default"
 - - [16/Jun/2021:12:03:19 +0900] "POST /rest/tims?user_id=B130042&user_key=b130042 HTTP/1.0" 200 0 "-" "Atlassian HttpClient 0.17.3 / JIRA-6.2.5 (6262) / Default"
 - - [16/Jun/2021:12:15:20 +0900] "GET / HTTP/1.0" 404 232 "-" "Mozilla/5.0 (Windows NT 10.0; Win64; x64) AppleWebKit/537.36 (KHTML, like Gecko) Chrome/60.0.3112.113 Safari/537.36"
 - - [16/Jun/2021:12:41:19 +0900] "POST /bot/ HTTP/1.0" 200 0 "-" "security"
 - - [16/Jun/2021:12:41:26 +0900] "POST /bot/ HTTP/1.0" 200 0 "-" "security"
 - - [16/Jun/2021:12:45:18 +0900] "GET /images/Nxrs4tAtO/HCw4_2FQ7o69dmQEodXU/_2Fua56jJgWqt8tN1Tx/0M9Tus5G1nAOe_2BJflcrm/2nz3T7AxG_2Fd/YnZ7Cn6A/zq1HlKYZhiFyQLgflmvIbb1/yQL2MK3UaK/00uQsiMnxrcs4C9gN/xpGuwRLuq6tH/7YwEr.avi HTTP/1.0" 404 232 "-" "Mozilla/5.0 (Windows NT 6.1; Trident/7.0; rv:11.0) like Gecko"
 - - [16/Jun/2021:13:48:02 +0900] "POST /bot/ HTTP/1.0" 200 0 "-" "security"
 - - [16/Jun/2021:13:48:05 +0900] "POST /bot/ HTTP/1.0" 200 0 "-" "security"
 - - [16/Jun/2021:13:48:09 +0900] "POST /bot/ HTTP/1.0" 200 0 "-" "security"
 - - [16/Jun/2021:13:48:11 +0900] "POST /bot/ HTTP/1.0" 200 0 "-" "security"
 - - [16/Jun/2021:13:48:15 +0900] "POST /bot/ HTTP/1.0" 200 0 "-" "security"
 - - [16/Jun/2021:13:48:20 +0900] "POST /bot/ HTTP/1.0" 200 0 "-" "security"
 - - [16/Jun/2021:13:48:24 +0900] "POST /bot/ HTTP/1.0" 200 0 "-" "security"
 - - [16/Jun/2021:13:48:31 +0900] "POST /bot/ HTTP/1.0" 200 0 "-" "security"
 - - [16/Jun/2021:13:48:56 +0900] "POST /bot/ HTTP/1.0" 200 0 "-" "security"
 - - [16/Jun/2021:13:50:27 +0900] "POST /bot/ HTTP/1.0" 200 0 "-" "security"
 - - [16/Jun/2021:13:50:32 +0900] "POST /bot/ HTTP/1.0" 200 0 "-" "security"
 - - [16/Jun/2021:13:50:35 +0900] "POST /bot/ HTTP/1.0" 200 0 "-" "security"
 - - [16/Jun/2021:13:56:56 +0900] "POST /bot/ HTTP/1.0" 200 0 "-" "security"
 - - [16/Jun/2021:13:57:00 +0900] "POST /bot/ HTTP/1.0" 200 0 "-" "security"
 - - [16/Jun/2021:13:57:04 +0900] "POST /bot/ HTTP/1.0" 200 0 "-" "security"
 - - [16/Jun/2021:13:57:07 +0900] "POST /bot/ HTTP/1.0" 200 0 "-" "security"
 - - [16/Jun/2021:13:57:22 +0900] "POST /bot/ HTTP/1.0" 200 0 "-" "security"
 - - [16/Jun/2021:13:59:06 +0900] "POST /bot/ HTTP/1.0" 200 0 "-" "security"
 - - [16/Jun/2021:13:59:08 +0900] "POST /bot/ HTTP/1.0" 200 0 "-" "security"
 - - [16/Jun/2021:13:59:17 +0900] "POST /bot/ HTTP/1.0" 200 0 "-" "security"
 - - [16/Jun/2021:13:59:25 +0900] "POST /bot/ HTTP/1.0" 200 0 "-" "security"
 - - [16/Jun/2021:14:00:40 +0900] "POST /bot/ HTTP/1.0" 200 0 "-" "security"
 - - [16/Jun/2021:14:00:43 +0900] "POST /bot/ HTTP/1.0" 200 0 "-" "security"
 - - [16/Jun/2021:14:00:49 +0900] "POST /bot/ HTTP/1.0" 200 0 "-" "security"
 - - [16/Jun/2021:14:00:58 +0900] "POST /bot/ HTTP/1.0" 200 0 "-" "security"
 - - [16/Jun/2021:14:01:04 +0900] "POST /bot/ HTTP/1.0" 200 0 "-" "security"
 - - [16/Jun/2021:14:01:07 +0900] "POST /bot/ HTTP/1.0" 200 0 "-" "security"
 - - [16/Jun/2021:14:01:11 +0900] "POST /bot/ HTTP/1.0" 200 0 "-" "security"
 - - [16/Jun/2021:14:01:41 +0900] "POST /bot/ HTTP/1.0" 200 0 "-" "security"
 - - [16/Jun/2021:14:01:44 +0900] "POST /bot/ HTTP/1.0" 200 0 "-" "security"
 - - [16/Jun/2021:14:01:47 +0900] "POST /bot/ HTTP/1.0" 200 0 "-" "security"
 - - [16/Jun/2021:14:01:57 +0900] "POST /bot/ HTTP/1.0" 200 0 "-" "security"
 - - [16/Jun/2021:14:31:17 +0900] "POST /rest/tims?user_id=B180093&user_key=b180093 HTTP/1.0" 200 0 "-" "Atlassian HttpClient 0.17.3 / JIRA-6.2.5 (6262) / Default"
 - - [16/Jun/2021:14:34:22 +0900] "POST /rest/tims?user_id=B180093&user_key=b180093 HTTP/1.0" 200 0 "-" "Atlassian HttpClient 0.17.3 / JIRA-6.2.5 (6262) / Default"
 - - [16/Jun/2021:14:39:59 +0900] "POST /bot/ HTTP/1.0" 200 0 "-" "security"
 - - [16/Jun/2021:14:40:02 +0900] "POST /bot/ HTTP/1.0" 200 0 "-" "security"
 - - [16/Jun/2021:14:40:06 +0900] "POST /bot/ HTTP/1.0" 200 0 "-" "security"
 - - [16/Jun/2021:14:40:18 +0900] "POST /bot/ HTTP/1.0" 200 0 "-" "security"
 - - [16/Jun/2021:14:40:36 +0900] "POST /bot/ HTTP/1.0" 200 0 "-" "security"
 - - [16/Jun/2021:14:40:39 +0900] "POST /bot/ HTTP/1.0" 200 0 "-" "security"
 - - [16/Jun/2021:14:40:57 +0900] "POST /bot/ HTTP/1.0" 200 0 "-" "security"
 - - [16/Jun/2021:14:40:59 +0900] "POST /bot/ HTTP/1.0" 200 0 "-" "security"
 - - [16/Jun/2021:14:41:07 +0900] "POST /bot/ HTTP/1.0" 200 0 "-" "security"
 - - [16/Jun/2021:14:41:12 +0900] "POST /bot/ HTTP/1.0" 200 0 "-" "security"
 - - [16/Jun/2021:14:41:17 +0900] "POST /bot/ HTTP/1.0" 200 0 "-" "security"
 - - [16/Jun/2021:14:41:26 +0900] "POST /bot/ HTTP/1.0" 200 0 "-" "security"
 - - [16/Jun/2021:14:41:46 +0900] "POST /bot/ HTTP/1.0" 200 0 "-" "security"
 - - [16/Jun/2021:14:41:49 +0900] "POST /bot/ HTTP/1.0" 200 0 "-" "security"
 - - [16/Jun/2021:14:41:53 +0900] "POST /bot/ HTTP/1.0" 200 0 "-" "security"
 - - [16/Jun/2021:14:42:06 +0900] "POST /bot/ HTTP/1.0" 200 0 "-" "security"
 - - [16/Jun/2021:14:54:18 +0900] "GET / HTTP/1.0" 404 232 "-" "Mozilla/5.0 zgrab/0.x"
 - - [16/Jun/2021:15:25:15 +0900] "POST /bot/ HTTP/1.0" 200 0 "-" "security"
 - - [16/Jun/2021:15:25:22 +0900] "POST /bot/ HTTP/1.0" 200 0 "-" "security"
 - - [16/Jun/2021:15:25:28 +0900] "POST /bot/ HTTP/1.0" 200 0 "-" "security"
 - - [16/Jun/2021:15:53:03 +0900] "POST /bot/ HTTP/1.0" 200 0 "-" "security"
 - - [16/Jun/2021:15:53:07 +0900] "POST /bot/ HTTP/1.0" 200 0 "-" "security"
 - - [16/Jun/2021:15:53:14 +0900] "POST /bot/ HTTP/1.0" 200 0 "-" "security"
 - - [16/Jun/2021:15:53:22 +0900] "POST /bot/ HTTP/1.0" 200 0 "-" "security"
 - - [16/Jun/2021:15:53:43 +0900] "POST /bot/ HTTP/1.0" 200 0 "-" "security"
 - - [16/Jun/2021:16:03:02 +0900] "GET /.env HTTP/1.0" 404 232 "-" "Mozilla/5.0 (X11; Linux x86_64) AppleWebKit/537.36 (KHTML, like Gecko) Chrome/81.0.4044.129 Safari/537.36"
 - - [16/Jun/2021:16:03:03 +0900] "POST / HTTP/1.0" 404 232 "-" "Mozilla/5.0 (X11; Linux x86_64) AppleWebKit/537.36 (KHTML, like Gecko) Chrome/81.0.4044.129 Safari/537.36"
 - - [16/Jun/2021:16:17:42 +0900] "GET / HTTP/1.0" 404 232 "-" "Mozilla/5.0 (X11; Linux x86_64) AppleWebKit/537.36 (KHTML, like Gecko) Chrome/44.0.2403.157 Safari/537.36"
 - - [16/Jun/2021:17:08:15 +0900] "POST /bot/ HTTP/1.0" 200 0 "-" "security"
 - - [16/Jun/2021:17:19:25 +0900] "POST /bot/ HTTP/1.0" 200 0 "-" "security"
 - - [16/Jun/2021:17:19:29 +0900] "POST /bot/ HTTP/1.0" 200 0 "-" "security"
 - - [16/Jun/2021:17:19:33 +0900] "POST /bot/ HTTP/1.0" 200 0 "-" "security"
 - - [16/Jun/2021:17:19:36 +0900] "POST /bot/ HTTP/1.0" 200 0 "-" "security"
 - - [16/Jun/2021:17:19:39 +0900] "POST /bot/ HTTP/1.0" 200 0 "-" "security"
 - - [16/Jun/2021:17:26:36 +0900] "POST /bot/ HTTP/1.0" 200 0 "-" "security"
 - - [16/Jun/2021:17:26:40 +0900] "POST /bot/ HTTP/1.0" 200 0 "-" "security"
 - - [16/Jun/2021:17:29:01 +0900] "POST /bot/ HTTP/1.0" 200 0 "-" "security"
 - - [16/Jun/2021:17:29:11 +0900] "POST /bot/ HTTP/1.0" 200 0 "-" "security"
 - - [16/Jun/2021:17:31:16 +0900] "POST /bot/ HTTP/1.0" 200 0 "-" "security"
 - - [16/Jun/2021:17:31:19 +0900] "POST /bot/ HTTP/1.0" 200 0 "-" "security"
 - - [16/Jun/2021:17:51:19 +0900] "GET /owa/auth/logon.aspx?url=https%3a%2f%2f1%2fecp%2f HTTP/1.0" 404 232 "-" "Mozilla/5.0 zgrab/0.x"
 - - [16/Jun/2021:17:58:03 +0900] "GET / HTTP/1.0" 404 232 "-" "Mozilla/5.0 (Windows NT 10.0; Win64; x64) AppleWebKit/537.36 (KHTML, like Gecko) Chrome/60.0.3112.113 Safari/537.36"
 - - [16/Jun/2021:17:58:21 +0900] "GET /owa/ HTTP/1.0" 404 232 "-" "Mozilla/5.0 (Windows NT 10.0; Win64; x64) AppleWebKit/537.36 (KHTML, like Gecko) Chrome/60.0.3112.113 Safari/537.36"
 - - [16/Jun/2021:18:03:58 +0900] "POST /bot/ HTTP/1.0" 200 0 "-" "security"
 - - [16/Jun/2021:18:04:05 +0900] "POST /bot/ HTTP/1.0" 200 0 "-" "security"
 - - [16/Jun/2021:18:04:27 +0900] "POST /bot/ HTTP/1.0" 200 0 "-" "security"
 - - [16/Jun/2021:18:27:20 +0900] "POST /bot/ HTTP/1.0" 200 0 "-" "security"
 - - [16/Jun/2021:18:27:22 +0900] "POST /bot/ HTTP/1.0" 200 0 "-" "security"
 - - [16/Jun/2021:18:27:32 +0900] "POST /bot/ HTTP/1.0" 200 0 "-" "security"
